INSTALLER STATUS *******************************************************************************************************************************************************************************************
Initialization              : Complete (0:02:18)
Health Check                : Complete (0:01:47)
Node Bootstrap Preparation  : Complete (0:19:35)
etcd Install                : Complete (0:05:46)
NFS Install                 : Complete (0:01:17)
Load Balancer Install       : Complete (0:05:16)
Master Install              : In Progress (0:16:50)
        This phase can be restarted by running: playbooks/openshift-master/config.yml
Wednesday 05 December 2018  10:00:26 -0500 (0:08:13.439)       0:52:48.780 ****
===============================================================================
openshift_control_plane : Wait for all control plane pods to become ready ------------------------------------------------------------------------------------------------------------------------- 493.44s
openshift_loadbalancer : Install haproxy ---------------------------------------------------------------------------------------------------------------------------------------------------------- 287.87s
openshift_node : install needed rpm(s) ------------------------------------------------------------------------------------------------------------------------------------------------------------ 252.16s
etcd : Install etcd ------------------------------------------------------------------------------------------------------------------------------------------------------------------------------- 240.41s
openshift_control_plane : Wait for control plane pods to appear ----------------------------------------------------------------------------------------------------------------------------------- 184.40s
openshift_node : Install node, clients, and conntrack packages ------------------------------------------------------------------------------------------------------------------------------------ 184.15s
openshift_excluder : Install openshift excluder - yum --------------------------------------------------------------------------------------------------------------------------------------------- 154.32s
openshift_excluder : Install docker excluder - yum ------------------------------------------------------------------------------------------------------------------------------------------------ 133.05s
Run health checks (install) - EL ------------------------------------------------------------------------------------------------------------------------------------------------------------------ 105.38s
openshift_ca : Install the base package for admin tooling ------------------------------------------------------------------------------------------------------------------------------------------ 98.31s
openshift_node : Install dnsmasq ------------------------------------------------------------------------------------------------------------------------------------------------------------------- 62.51s
openshift_storage_nfs : Install nfs-utils ---------------------------------------------------------------------------------------------------------------------------------------------------------- 45.47s
openshift_node : Install iSCSI storage plugin dependencies ----------------------------------------------------------------------------------------------------------------------------------------- 43.90s
openshift_node : Install Ceph storage plugin dependencies ------------------------------------------------------------------------------------------------------------------------------------------ 37.51s
openshift_node : Install GlusterFS storage plugin dependencies ------------------------------------------------------------------------------------------------------------------------------------- 33.62s
openshift_node : Install NFS storage plugin dependencies ------------------------------------------------------------------------------------------------------------------------------------------- 33.54s
nickhammond.logrotate : nickhammond.logrotate | Install logrotate ---------------------------------------------------------------------------------------------------------------------------------- 32.42s
openshift_control_plane : Check status of control plane image pre-pull ----------------------------------------------------------------------------------------------------------------------------- 30.74s
Run variable sanity checks ------------------------------------------------------------------------------------------------------------------------------------------------------------------------- 27.11s
openshift_cli : Install bash completion for oc tools ----------------------------------------------------------------------------------------------------------------------------------------------- 24.26s


Failure summary:


  1. Hosts:    master-1.rajranja.lab.pnq2.cee.redhat.com
     Play:     Configure masters
     Task:     Wait for all control plane pods to become ready
     Message:  All items completed