[quicklab@node-0 c1-ocp]$ ansible -i hosts --key-file quicklab.key OSEv3 -a 'df -hT'
node-0.rajranjalb.lab.pnq2.cee.redhat.com | SUCCESS | rc=0 >>
Filesystem     Type      Size  Used Avail Use% Mounted on
/dev/vda1      xfs        20G  2.1G   18G  11% /
devtmpfs       devtmpfs  897M     0  897M   0% /dev
tmpfs          tmpfs     920M     0  920M   0% /dev/shm
tmpfs          tmpfs     920M  8.5M  911M   1% /run
tmpfs          tmpfs     920M     0  920M   0% /sys/fs/cgroup
tmpfs          tmpfs     184M     0  184M   0% /run/user/1000

node-2.rajranjamaster.lab.pnq2.cee.redhat.com | SUCCESS | rc=0 >>
Filesystem     Type      Size  Used Avail Use% Mounted on
/dev/vda1      xfs        80G   41G   40G  51% /
devtmpfs       devtmpfs  3.8G     0  3.8G   0% /dev
tmpfs          tmpfs     3.9G     0  3.9G   0% /dev/shm
tmpfs          tmpfs     3.9G  3.7M  3.9G   1% /run
tmpfs          tmpfs     3.9G     0  3.9G   0% /sys/fs/cgroup
/dev/dm-7      xfs        10G  270M  9.8G   3% /var/lib/docker/devicemapper/mnt/a370b163f2a41685a55c7a65481faf5372f368b57be8444e611975b4cd7a0564
shm            tmpfs      64M     0   64M   0% /var/lib/docker/containers/21bc05ab4c5082344cb70fc6fab75d1f7438015213549422894453b87d62db11/shm
tmpfs          tmpfs     3.9G   16K  3.9G   1% /var/lib/origin/openshift.local.volumes/pods/4d277709-fc86-11e8-b3ee-fa163e6bb7d1/volumes/kubernetes.io~secret/sync-token-974k4
/dev/dm-9      xfs        10G  270M  9.8G   3% /var/lib/docker/devicemapper/mnt/0014cdb25c082725345da94297bcd084a5d84513c7e871689333fb9594217037
shm            tmpfs      64M     0   64M   0% /var/lib/docker/containers/3379b57c5a66cd4726b31ad81bdfd919f5452c91cd6adf3e13b2bde423335d01/shm
/dev/dm-10     xfs        10G  1.2G  8.9G  12% /var/lib/docker/devicemapper/mnt/69cf05407c3316d663c9a363a6cb269b90c4b18f07fd3097d3ec390d8e56028f
tmpfs          tmpfs     3.9G   16K  3.9G   1% /var/lib/origin/openshift.local.volumes/pods/6361f8b0-fc86-11e8-b3ee-fa163e6bb7d1/volumes/kubernetes.io~secret/sdn-token-mfqjf
tmpfs          tmpfs     3.9G   16K  3.9G   1% /var/lib/origin/openshift.local.volumes/pods/63e7a087-fc86-11e8-b3ee-fa163e6bb7d1/volumes/kubernetes.io~secret/sdn-token-mfqjf
/dev/dm-11     xfs        10G  270M  9.8G   3% /var/lib/docker/devicemapper/mnt/2673fd3e48cb3033003312a3068b6ea139ce7f1370a0f6d80a32794fc71d66d4
shm            tmpfs      64M     0   64M   0% /var/lib/docker/containers/d50acc7468f7e229f35c3d2c418f79030d65297a4cc5056db1623e15ad61c04e/shm
/dev/dm-12     xfs        10G  270M  9.8G   3% /var/lib/docker/devicemapper/mnt/3b2847e53f63292b6c1ba194520d586b61e1edc89a4e02be701cfe69b9046ac2
shm            tmpfs      64M     0   64M   0% /var/lib/docker/containers/a2bc2d63b31ef45bc3f4e7b35186651b14d91f3d1a77b570b0da9b82177b8a6e/shm
/dev/dm-13     xfs        10G  1.2G  8.9G  12% /var/lib/docker/devicemapper/mnt/dc654015fb22b96f304c58044e0b42211a095140bfb33c8f168cb5ab6c94cb81
/dev/dm-14     xfs        10G  1.2G  8.9G  12% /var/lib/docker/devicemapper/mnt/d7a66c22a19fedff97c484b18acec9abbe2b6193b6386aa37bb212fcf3d5bf1a
tmpfs          tmpfs     3.9G  8.0K  3.9G   1% /var/lib/origin/openshift.local.volumes/pods/d0d2c5e1-fc88-11e8-b3ee-fa163e6bb7d1/volumes/kubernetes.io~secret/serving-cert
tmpfs          tmpfs     3.9G   16K  3.9G   1% /var/lib/origin/openshift.local.volumes/pods/d0d2c5e1-fc88-11e8-b3ee-fa163e6bb7d1/volumes/kubernetes.io~secret/webconsole-token-f8j4n
/dev/dm-15     xfs        10G  270M  9.8G   3% /var/lib/docker/devicemapper/mnt/475be4e300e1300c0e91e1dcc9c48e41405688091dfc52f8fc8d252b485b95bc
shm            tmpfs      64M     0   64M   0% /var/lib/docker/containers/30a738ab3f34fa07ef0e61308144290ebdc1314582caff1da85c002b99738f08/shm
tmpfs          tmpfs     3.9G   16K  3.9G   1% /var/lib/origin/openshift.local.volumes/pods/d6365298-fc88-11e8-b3ee-fa163e6bb7d1/volumes/kubernetes.io~secret/default-token-sspwn
/dev/dm-16     xfs        10G  270M  9.8G   3% /var/lib/docker/devicemapper/mnt/7039379f6b2ee633b34bfa0987eb6dc156d1748dd9b8f56b74f2b8307237e8cd
shm            tmpfs      64M     0   64M   0% /var/lib/docker/containers/5e712a642ffd03130c47c112a6801b04fbf78f12aaa8997391e9670abc7b9556/shm
tmpfs          tmpfs     3.9G  4.0K  3.9G   1% /var/lib/origin/openshift.local.volumes/pods/eb3b8fa0-fc88-11e8-b3ee-fa163e6bb7d1/volumes/kubernetes.io~secret/oauth-config
tmpfs          tmpfs     3.9G  8.0K  3.9G   1% /var/lib/origin/openshift.local.volumes/pods/eb3b8fa0-fc88-11e8-b3ee-fa163e6bb7d1/volumes/kubernetes.io~secret/serving-cert
tmpfs          tmpfs     3.9G   16K  3.9G   1% /var/lib/origin/openshift.local.volumes/pods/eb3b8fa0-fc88-11e8-b3ee-fa163e6bb7d1/volumes/kubernetes.io~secret/default-token-fjwh6
/dev/dm-18     xfs        10G  277M  9.8G   3% /var/lib/docker/devicemapper/mnt/4108448ed1030390c80e57e551d55bfc65282713b3cce97911b3c81455ee75a1
/dev/dm-19     xfs        10G  270M  9.8G   3% /var/lib/docker/devicemapper/mnt/d5d7774888ced93fc15438499da8a5cfbf51acc7697ce9b0b4b37bb5589b9cc4
shm            tmpfs      64M     0   64M   0% /var/lib/docker/containers/cbac8f386001805d9f023dc6c056635042239923661f5c76324f40a7ac8b011d/shm
/dev/dm-20     xfs        10G  297M  9.8G   3% /var/lib/docker/devicemapper/mnt/7fd6f65b2838bfaf78903f1e1073024eb6c2ba4c4c92e2b9afac9a803c6b0c72
tmpfs          tmpfs     3.9G  8.0K  3.9G   1% /var/lib/origin/openshift.local.volumes/pods/366d5c3b-fc89-11e8-b3ee-fa163e6bb7d1/volumes/kubernetes.io~secret/apiserver-ssl
tmpfs          tmpfs     3.9G   16K  3.9G   1% /var/lib/origin/openshift.local.volumes/pods/366d5c3b-fc89-11e8-b3ee-fa163e6bb7d1/volumes/kubernetes.io~secret/service-catalog-apiserver-token-jxm8x
/dev/dm-21     xfs        10G  270M  9.8G   3% /var/lib/docker/devicemapper/mnt/d3e82eca1e24f8b555340ad1067ec785ed95a72974e4e0110671ca3a11cc834b
shm            tmpfs      64M     0   64M   0% /var/lib/docker/containers/a08034b6a9128b62b13898bdf7d1d51410e0ba4622e576791c5281f4604b6415/shm
tmpfs          tmpfs     3.9G   16K  3.9G   1% /var/lib/origin/openshift.local.volumes/pods/3ad6a049-fc89-11e8-b3ee-fa163e6bb7d1/volumes/kubernetes.io~secret/service-catalog-controller-token-k52fj
tmpfs          tmpfs     3.9G  8.0K  3.9G   1% /var/lib/origin/openshift.local.volumes/pods/3ad6a049-fc89-11e8-b3ee-fa163e6bb7d1/volumes/kubernetes.io~secret/service-catalog-ssl
/dev/dm-22     xfs        10G  270M  9.8G   3% /var/lib/docker/devicemapper/mnt/fb53220905383f80ac9304f486826212cc72b7f6d83044beebbd8485d3ece574
shm            tmpfs      64M     0   64M   0% /var/lib/docker/containers/fc6e5aec938c153ccb71e27e13010005efa2ec7aa63ae044cceb5ea26eafcb78/shm
tmpfs          tmpfs     3.9G  8.0K  3.9G   1% /var/lib/origin/openshift.local.volumes/pods/6530b5a1-fc89-11e8-b3ee-fa163e6bb7d1/volumes/kubernetes.io~secret/serving-cert
tmpfs          tmpfs     3.9G   16K  3.9G   1% /var/lib/origin/openshift.local.volumes/pods/6530b5a1-fc89-11e8-b3ee-fa163e6bb7d1/volumes/kubernetes.io~secret/apiserver-token-swk5p
/dev/dm-25     xfs        10G  270M  9.8G   3% /var/lib/docker/devicemapper/mnt/570c1f8269768d1c0b8964d64124bcd829725686e06f334450e701739f5dfa76
shm            tmpfs      64M     0   64M   0% /var/lib/docker/containers/fbf5350d0e91663168d66a2d452fdd38c1be6229ac34425a1c1362b18cbb7b5b/shm
/dev/dm-26     xfs        10G  341M  9.7G   4% /var/lib/docker/devicemapper/mnt/efa21b9cefcc6e5d72981a37eca4594886b6a23e20326b983aa41a18b2d22d85
/dev/dm-24     xfs        10G  301M  9.7G   3% /var/lib/docker/devicemapper/mnt/0b85cf2b9faf73cb61d12592461305bc5ee9cfbe54acc1956bff8245a398f670
/dev/dm-3      xfs        10G  270M  9.8G   3% /var/lib/docker/devicemapper/mnt/c76de60d6aad7c07b7ae28d66a09a35d4061763a28f1beb91c7ae805ef134a9c
shm            tmpfs      64M     0   64M   0% /var/lib/docker/containers/13df7a992d3bfc74242ff3e253213b14453e052b616a34515880551d31ccfa26/shm
/dev/dm-23     xfs        10G  810M  9.2G   8% /var/lib/docker/devicemapper/mnt/844f0481999d33fcd9838c5773d654fd18aa92c3e1d99dee630e2d8bb0f46234
/dev/dm-4      xfs        10G  338M  9.7G   4% /var/lib/docker/devicemapper/mnt/8ebeecb072467386c6d07b9a6c56d4648e05bce6471c9ea22582f4bb2d7e9d73
/dev/dm-5      xfs        10G  338M  9.7G   4% /var/lib/docker/devicemapper/mnt/10958401e6dda92785d5ee1fec234ae59b209a1a6e75371f7df432f37c061e5c
/dev/dm-6      xfs        10G  270M  9.8G   3% /var/lib/docker/devicemapper/mnt/02d081dfb8b97bf72235316b822cf1c1741faca6c390297986ba847b7bf3fdc5
shm            tmpfs      64M     0   64M   0% /var/lib/docker/containers/814c618cf83ae00ec15830db189e0a5f6d9614b2b74bcf3e34a65936163a5a23/shm
/dev/dm-8      xfs        10G  810M  9.2G   8% /var/lib/docker/devicemapper/mnt/4c3eb836ca374f768e9874c70571175a4258d9dbd961470cdbc05a398503f289
tmpfs          tmpfs     3.9G   16K  3.9G   1% /var/lib/origin/openshift.local.volumes/pods/b4a415a8-015b-11e9-9624-fa163e6bb7d1/volumes/kubernetes.io~secret/local-storage-admin-token-jv5fj
/dev/dm-27     xfs        10G  270M  9.8G   3% /var/lib/docker/devicemapper/mnt/46811b0ee2e67ca66f8d6a41c10b55f31e4bbde097ef6bb1c3122c934a87464e
shm            tmpfs      64M     0   64M   0% /var/lib/docker/containers/9bf4665cd4c9cd63674872cbbd033f376304cee4d01e1e409fddb74b14e50647/shm
/dev/dm-28     xfs        10G  281M  9.8G   3% /var/lib/docker/devicemapper/mnt/59b911d50a34a1363ac69d99335c7bf640b97ad24eca859aa1215a79fe5aa578
/dev/dm-17     xfs        10G  350M  9.7G   4% /var/lib/docker/devicemapper/mnt/90e48cbde4f65eeb8a22dc653f7d1b8d53636e041b7e70cb692e5bbed7218644
tmpfs          tmpfs     783M     0  783M   0% /run/user/1000

node-0.rajranjamaster.lab.pnq2.cee.redhat.com | SUCCESS | rc=0 >>
Filesystem     Type      Size  Used Avail Use% Mounted on
/dev/vda1      xfs        80G   29G   52G  37% /
devtmpfs       devtmpfs  3.8G     0  3.8G   0% /dev
tmpfs          tmpfs     3.9G     0  3.9G   0% /dev/shm
tmpfs          tmpfs     3.9G  3.5M  3.9G   1% /run
tmpfs          tmpfs     3.9G     0  3.9G   0% /sys/fs/cgroup
/dev/dm-3      xfs        10G  270M  9.8G   3% /var/lib/docker/devicemapper/mnt/50fb382fed75b7827687669964bd387da7438c2faaf32590ebc633a402bef4a4
shm            tmpfs      64M     0   64M   0% /var/lib/docker/containers/72fc3de68806455d2e65edca4cd5e174dc0c135bb551f53a70dc879f3ac6421d/shm
tmpfs          tmpfs     3.9G   16K  3.9G   1% /var/lib/origin/openshift.local.volumes/pods/4d2528be-fc86-11e8-b3ee-fa163e6bb7d1/volumes/kubernetes.io~secret/sync-token-974k4
/dev/dm-9      xfs        10G  270M  9.8G   3% /var/lib/docker/devicemapper/mnt/17e9e25d0c8ee74ba5703f2715362dbed0f6715effbbe5520d24d25edaaed34d
shm            tmpfs      64M     0   64M   0% /var/lib/docker/containers/9490f76b4e5daf2b2631c2a9b094520e5248e9b44304c87dcffa907e6a37a130/shm
tmpfs          tmpfs     3.9G   16K  3.9G   1% /var/lib/origin/openshift.local.volumes/pods/63592e65-fc86-11e8-b3ee-fa163e6bb7d1/volumes/kubernetes.io~secret/sdn-token-mfqjf
tmpfs          tmpfs     3.9G   16K  3.9G   1% /var/lib/origin/openshift.local.volumes/pods/63e78578-fc86-11e8-b3ee-fa163e6bb7d1/volumes/kubernetes.io~secret/sdn-token-mfqjf
/dev/dm-12     xfs        10G  270M  9.8G   3% /var/lib/docker/devicemapper/mnt/8c91f6f47399210e0028f37d2557a8fb8d42a4bc8259b2622a81db6205b0bb8f
shm            tmpfs      64M     0   64M   0% /var/lib/docker/containers/6d0679c8cb7c9a73c1e979ba04f601234f4a37c49cbe2233bf1b14235c21ee09/shm
/dev/dm-11     xfs        10G  270M  9.8G   3% /var/lib/docker/devicemapper/mnt/3bcc5bfc82ede7471a9731c4aff59e603e87ea1d0bf873d8126e49a8d5ec6f6f
shm            tmpfs      64M     0   64M   0% /var/lib/docker/containers/a0d3428793015e28ae2a3156c5a97f65f66199f30b83d530fc3bfb752f6ac20c/shm
/dev/dm-13     xfs        10G  1.2G  8.9G  12% /var/lib/docker/devicemapper/mnt/d8b80d6433b5e5f18de661147e3fa143420ee5b7bb449534d3e6cc66e9f12b37
/dev/dm-14     xfs        10G  1.2G  8.9G  12% /var/lib/docker/devicemapper/mnt/ee414aff43feaef69e903f9e3628a445cf862bb9e6a3b1dbb2549196fd0394de
tmpfs          tmpfs     3.9G   16K  3.9G   1% /var/lib/origin/openshift.local.volumes/pods/d0f0c5fc-fc88-11e8-b3ee-fa163e6bb7d1/volumes/kubernetes.io~secret/webconsole-token-f8j4n
tmpfs          tmpfs     3.9G  8.0K  3.9G   1% /var/lib/origin/openshift.local.volumes/pods/d0f0c5fc-fc88-11e8-b3ee-fa163e6bb7d1/volumes/kubernetes.io~secret/serving-cert
/dev/dm-15     xfs        10G  270M  9.8G   3% /var/lib/docker/devicemapper/mnt/04ea00a3c82572eec958d718307fb428a8210e8fffc74c90ef77752968f80554
shm            tmpfs      64M     0   64M   0% /var/lib/docker/containers/7236f436d64659724332ebfbfc8be4551424b51fe07b5b57388c656013982117/shm
tmpfs          tmpfs     3.9G   16K  3.9G   1% /var/lib/origin/openshift.local.volumes/pods/eb27f082-fc88-11e8-b3ee-fa163e6bb7d1/volumes/kubernetes.io~secret/default-token-fjwh6
tmpfs          tmpfs     3.9G  4.0K  3.9G   1% /var/lib/origin/openshift.local.volumes/pods/eb27f082-fc88-11e8-b3ee-fa163e6bb7d1/volumes/kubernetes.io~secret/oauth-config
tmpfs          tmpfs     3.9G  8.0K  3.9G   1% /var/lib/origin/openshift.local.volumes/pods/eb27f082-fc88-11e8-b3ee-fa163e6bb7d1/volumes/kubernetes.io~secret/serving-cert
/dev/dm-17     xfs        10G  270M  9.8G   3% /var/lib/docker/devicemapper/mnt/e168efed0654d5ab419f28a0352546bc0add721cd5989a551a99e8544dfc10c9
shm            tmpfs      64M     0   64M   0% /var/lib/docker/containers/769f83b71daae47c0b1279e1bd8e0779ba4a4af5a86b9c13ff2945291aa83228/shm
/dev/dm-18     xfs        10G  297M  9.8G   3% /var/lib/docker/devicemapper/mnt/e936b7a8225a55942bda1dfe245ba9d2ca2a208e8ff375abb66b2c64cf8646ca
tmpfs          tmpfs     3.9G  8.0K  3.9G   1% /var/lib/origin/openshift.local.volumes/pods/36686dfa-fc89-11e8-b3ee-fa163e6bb7d1/volumes/kubernetes.io~secret/apiserver-ssl
tmpfs          tmpfs     3.9G   16K  3.9G   1% /var/lib/origin/openshift.local.volumes/pods/36686dfa-fc89-11e8-b3ee-fa163e6bb7d1/volumes/kubernetes.io~secret/service-catalog-apiserver-token-jxm8x
/dev/dm-19     xfs        10G  270M  9.8G   3% /var/lib/docker/devicemapper/mnt/6777a7d93149810534ff27710c04acc697f4084b3a82bb35c60a20d1bdb642f2
shm            tmpfs      64M     0   64M   0% /var/lib/docker/containers/678d27423d10a8285fb6b735c44cc35849181f74fc8d8c3f07fc67188d0af878/shm
tmpfs          tmpfs     3.9G   16K  3.9G   1% /var/lib/origin/openshift.local.volumes/pods/3acf72d3-fc89-11e8-b3ee-fa163e6bb7d1/volumes/kubernetes.io~secret/service-catalog-controller-token-k52fj
tmpfs          tmpfs     3.9G  8.0K  3.9G   1% /var/lib/origin/openshift.local.volumes/pods/3acf72d3-fc89-11e8-b3ee-fa163e6bb7d1/volumes/kubernetes.io~secret/service-catalog-ssl
/dev/dm-20     xfs        10G  270M  9.8G   3% /var/lib/docker/devicemapper/mnt/30bc2353eea331c0ccbcf37408c86dc83bc0dac634af15427319808016558b8b
shm            tmpfs      64M     0   64M   0% /var/lib/docker/containers/8049f422d374c429621863fc5cf56b54bd39e34169b91f5a2c746fd22a23de1f/shm
tmpfs          tmpfs     3.9G  8.0K  3.9G   1% /var/lib/origin/openshift.local.volumes/pods/6539f96c-fc89-11e8-b3ee-fa163e6bb7d1/volumes/kubernetes.io~secret/serving-cert
tmpfs          tmpfs     3.9G   16K  3.9G   1% /var/lib/origin/openshift.local.volumes/pods/6539f96c-fc89-11e8-b3ee-fa163e6bb7d1/volumes/kubernetes.io~secret/apiserver-token-swk5p
/dev/dm-23     xfs        10G  270M  9.8G   3% /var/lib/docker/devicemapper/mnt/70ca68c28d6a9b37ad0dd793df7f6763f0557b36681bd84d5d6bc290244be318
shm            tmpfs      64M     0   64M   0% /var/lib/docker/containers/d1c0538fd262661bd09ad6f6d7e24f747516bdb0b17f921f7c3ff64b37429116/shm
/dev/dm-24     xfs        10G  341M  9.7G   4% /var/lib/docker/devicemapper/mnt/acdaef9c4f26434cab6784f081368fa53eb9f6f360a09d3ba942dadfdc7f3646
/dev/dm-4      xfs        10G  301M  9.7G   3% /var/lib/docker/devicemapper/mnt/bed8d5c6aec666a373294f94e100c0481c6a9d3c0d61a3a06875a92ad8d92274
/dev/dm-10     xfs        10G  338M  9.7G   4% /var/lib/docker/devicemapper/mnt/dc820bdb2b76be340bfaad790f00ba41f15d6661503245d1948d44bc7141bb24
/dev/dm-21     xfs        10G  1.2G  8.9G  12% /var/lib/docker/devicemapper/mnt/b853d138c5be780a920e20d25310cf892881669c576bc4f7c6830a11f699ad01
/dev/dm-5      xfs        10G  270M  9.8G   3% /var/lib/docker/devicemapper/mnt/0aff5105f203c419ac144e2777d7e73557eeb2f582af658438b9d5245aa58235
shm            tmpfs      64M     0   64M   0% /var/lib/docker/containers/31a028e3ee3e385bca80165176da2734305fbec7b5f9517f3b4fa740c3aabd67/shm
/dev/dm-22     xfs        10G  810M  9.2G   8% /var/lib/docker/devicemapper/mnt/6d736681c7dc5943f88b9fe698b91c90edd8dc981e6e6c0247586f7a6952c756
/dev/dm-6      xfs        10G  338M  9.7G   4% /var/lib/docker/devicemapper/mnt/3ee72ec526296f9cd7d35c2d10684ee5df40cbe50d48aae11d0c25a71078d9b2
/dev/dm-7      xfs        10G  270M  9.8G   3% /var/lib/docker/devicemapper/mnt/b349ee511f81eeffb6103aa549584c1408bfb05e62186e83f10bcf87a3dd3a58
shm            tmpfs      64M     0   64M   0% /var/lib/docker/containers/f4ebcff09d897a55c728a650435c2e6640701dec7cb21d2c31818c8fd662b138/shm
/dev/dm-8      xfs        10G  810M  9.2G   8% /var/lib/docker/devicemapper/mnt/72f15a0c3829246ffa0d72f41a668f94cb39ec8fd64fd43d8c1f8a9e18998317
tmpfs          tmpfs     3.9G   16K  3.9G   1% /var/lib/origin/openshift.local.volumes/pods/b4d41cf1-015b-11e9-9624-fa163e6bb7d1/volumes/kubernetes.io~secret/local-storage-admin-token-jv5fj
/dev/dm-25     xfs        10G  270M  9.8G   3% /var/lib/docker/devicemapper/mnt/a67e63a1bfb23eb5b077f0b2c468ea61ab2c6b227477b45fb30ae5214c8e3501
shm            tmpfs      64M     0   64M   0% /var/lib/docker/containers/c55bb7d2f03bc6092f21a9ef0a416f2e123f301a93855811cb350d813c06575d/shm
/dev/dm-26     xfs        10G  281M  9.8G   3% /var/lib/docker/devicemapper/mnt/bfcd0f990dc51e7292b06d2a87df546a84f3e7e994483365234d51d9a978562d
/dev/dm-16     xfs        10G  350M  9.7G   4% /var/lib/docker/devicemapper/mnt/66fb23acdd6e83ba980b7473ffad9a7d72505a2fad4746208dc350f2684a90df
tmpfs          tmpfs     783M     0  783M   0% /run/user/1000

node-0.rajranjanfs.lab.pnq2.cee.redhat.com | SUCCESS | rc=0 >>
Filesystem                            Type      Size  Used Avail Use% Mounted on
/dev/vda1                             xfs        40G  2.1G   38G   6% /
devtmpfs                              devtmpfs  1.9G     0  1.9G   0% /dev
tmpfs                                 tmpfs     1.9G     0  1.9G   0% /dev/shm
tmpfs                                 tmpfs     1.9G  8.5M  1.9G   1% /run
tmpfs                                 tmpfs     1.9G     0  1.9G   0% /sys/fs/cgroup
/dev/mapper/vg--registry-lv--registry xfs        10G  261M  9.8G   3% /exports/registry
/dev/mapper/vg--apps-lv--apps         xfs        10G   33M   10G   1% /exports/apps
tmpfs                                 tmpfs     379M     0  379M   0% /run/user/1000

node-1.rajranjamaster.lab.pnq2.cee.redhat.com | SUCCESS | rc=0 >>
Filesystem     Type      Size  Used Avail Use% Mounted on
/dev/vda1      xfs        80G   24G   57G  29% /
devtmpfs       devtmpfs  3.8G     0  3.8G   0% /dev
tmpfs          tmpfs     3.9G     0  3.9G   0% /dev/shm
tmpfs          tmpfs     3.9G  3.5M  3.9G   1% /run
tmpfs          tmpfs     3.9G     0  3.9G   0% /sys/fs/cgroup
/dev/dm-5      xfs        10G  270M  9.8G   3% /var/lib/docker/devicemapper/mnt/db389169b954d88411e634489c10103cff038de3f496c8640884c215732fcac8
shm            tmpfs      64M     0   64M   0% /var/lib/docker/containers/6689502a05b54d6538e1ffe3dcaa9458a285c2947da2f651389ca6bfc8a59615/shm
tmpfs          tmpfs     3.9G   16K  3.9G   1% /var/lib/origin/openshift.local.volumes/pods/4d281149-fc86-11e8-b3ee-fa163e6bb7d1/volumes/kubernetes.io~secret/sync-token-974k4
/dev/dm-9      xfs        10G  270M  9.8G   3% /var/lib/docker/devicemapper/mnt/de334fc75af3141876e315716e93593823151b8f8425db7e2f54adca758a3ace
shm            tmpfs      64M     0   64M   0% /var/lib/docker/containers/5c9b908f89401e3758e8ef799904850989119ef646adf0773dca1a198ee0b50e/shm
tmpfs          tmpfs     3.9G   16K  3.9G   1% /var/lib/origin/openshift.local.volumes/pods/6361e705-fc86-11e8-b3ee-fa163e6bb7d1/volumes/kubernetes.io~secret/sdn-token-mfqjf
tmpfs          tmpfs     3.9G   16K  3.9G   1% /var/lib/origin/openshift.local.volumes/pods/63df2f47-fc86-11e8-b3ee-fa163e6bb7d1/volumes/kubernetes.io~secret/sdn-token-mfqjf
/dev/dm-11     xfs        10G  270M  9.8G   3% /var/lib/docker/devicemapper/mnt/0f78e2468e43319e43822d713a0d9343c99ed603591e3dfcbf2e841f8c9fedef
shm            tmpfs      64M     0   64M   0% /var/lib/docker/containers/b9cafc527f903d30f5b555767ba12b71a6f19768e2e9062078ed9dc6131eeb03/shm
/dev/dm-12     xfs        10G  270M  9.8G   3% /var/lib/docker/devicemapper/mnt/37b6f21f392c87cce5c16d7acdc4c08f764eed70f4a59e81dcc8e92207019aca
shm            tmpfs      64M     0   64M   0% /var/lib/docker/containers/8a2ec112c523b52dce50e01d5f7ac5525991abd519dfa97dc3875c1c57ca9c1f/shm
/dev/dm-13     xfs        10G  1.2G  8.9G  12% /var/lib/docker/devicemapper/mnt/ed4bed470f5979ce081c77e8a652767ae67877220c118c423f109aa4fc0969df
/dev/dm-14     xfs        10G  1.2G  8.9G  12% /var/lib/docker/devicemapper/mnt/f5db7fa73286fe8e274b8f04b724917c5bb3a49e7c79b4916d7fc5c96ad9d7f7
tmpfs          tmpfs     3.9G   16K  3.9G   1% /var/lib/origin/openshift.local.volumes/pods/d0f072bb-fc88-11e8-b3ee-fa163e6bb7d1/volumes/kubernetes.io~secret/webconsole-token-f8j4n
tmpfs          tmpfs     3.9G  8.0K  3.9G   1% /var/lib/origin/openshift.local.volumes/pods/d0f072bb-fc88-11e8-b3ee-fa163e6bb7d1/volumes/kubernetes.io~secret/serving-cert
/dev/dm-16     xfs        10G  270M  9.8G   3% /var/lib/docker/devicemapper/mnt/ab1c415483b5a47238a08c7c2c5dcd80baaa558b0bc52792fb9ed8b87e90435e
shm            tmpfs      64M     0   64M   0% /var/lib/docker/containers/bb06c3624f0ba13cfb81909a60796c592f43db026885021f14223415ae89da67/shm
tmpfs          tmpfs     3.9G   16K  3.9G   1% /var/lib/origin/openshift.local.volumes/pods/eb3b722a-fc88-11e8-b3ee-fa163e6bb7d1/volumes/kubernetes.io~secret/default-token-fjwh6
tmpfs          tmpfs     3.9G  4.0K  3.9G   1% /var/lib/origin/openshift.local.volumes/pods/eb3b722a-fc88-11e8-b3ee-fa163e6bb7d1/volumes/kubernetes.io~secret/oauth-config
tmpfs          tmpfs     3.9G  8.0K  3.9G   1% /var/lib/origin/openshift.local.volumes/pods/eb3b722a-fc88-11e8-b3ee-fa163e6bb7d1/volumes/kubernetes.io~secret/serving-cert
/dev/dm-19     xfs        10G  270M  9.8G   3% /var/lib/docker/devicemapper/mnt/d5973a18dfa25781bb5e3897d32c1c086bf933ee03ad885076b9e1db15dc72cc
shm            tmpfs      64M     0   64M   0% /var/lib/docker/containers/9ce47fe9300d4f48dec0680d5145061ab0eeb969ce85f9114b3e168e691f6e3b/shm
/dev/dm-15     xfs        10G  297M  9.8G   3% /var/lib/docker/devicemapper/mnt/6a89e01b5064e0d65b519b5c52a79413d8a50482e7b9a6bedb1a45e4cbfbb281
tmpfs          tmpfs     3.9G   16K  3.9G   1% /var/lib/origin/openshift.local.volumes/pods/366cb727-fc89-11e8-b3ee-fa163e6bb7d1/volumes/kubernetes.io~secret/service-catalog-apiserver-token-jxm8x
tmpfs          tmpfs     3.9G  8.0K  3.9G   1% /var/lib/origin/openshift.local.volumes/pods/366cb727-fc89-11e8-b3ee-fa163e6bb7d1/volumes/kubernetes.io~secret/apiserver-ssl
/dev/dm-17     xfs        10G  270M  9.8G   3% /var/lib/docker/devicemapper/mnt/975c6f34226a3ddec6980e866ba814d01dd504adc76e3079258ef04a653059aa
shm            tmpfs      64M     0   64M   0% /var/lib/docker/containers/e65b0c2aded9be1c7a33e4d0bd5ceb5da5d47a3026973a75e7a433b7323c8d3d/shm
tmpfs          tmpfs     3.9G   16K  3.9G   1% /var/lib/origin/openshift.local.volumes/pods/3ad6ce50-fc89-11e8-b3ee-fa163e6bb7d1/volumes/kubernetes.io~secret/service-catalog-controller-token-k52fj
tmpfs          tmpfs     3.9G  8.0K  3.9G   1% /var/lib/origin/openshift.local.volumes/pods/3ad6ce50-fc89-11e8-b3ee-fa163e6bb7d1/volumes/kubernetes.io~secret/service-catalog-ssl
/dev/dm-20     xfs        10G  270M  9.8G   3% /var/lib/docker/devicemapper/mnt/b200104808865ff918a2840d26d188e85ed06ba78f086b4b8345d8a1be418efe
shm            tmpfs      64M     0   64M   0% /var/lib/docker/containers/23d42367a924e83faf54aca7b8e58e69c38e25fc831c2a2ae981fccfc7659232/shm
tmpfs          tmpfs     3.9G   16K  3.9G   1% /var/lib/origin/openshift.local.volumes/pods/6539763c-fc89-11e8-b3ee-fa163e6bb7d1/volumes/kubernetes.io~secret/apiserver-token-swk5p
tmpfs          tmpfs     3.9G  8.0K  3.9G   1% /var/lib/origin/openshift.local.volumes/pods/6539763c-fc89-11e8-b3ee-fa163e6bb7d1/volumes/kubernetes.io~secret/serving-cert
/dev/dm-23     xfs        10G  270M  9.8G   3% /var/lib/docker/devicemapper/mnt/d6fd4fc3b2381bb3e7fc26a1b591342c54b5ebfde68495a9848ffad6a3aefcbf
shm            tmpfs      64M     0   64M   0% /var/lib/docker/containers/b32927aefce3d00fff5169a8f6bbe836b273a54486b0893d2b5f9061fe56e217/shm
/dev/dm-24     xfs        10G  341M  9.7G   4% /var/lib/docker/devicemapper/mnt/cf0bc5f17767e23bf863a80e5f33a34dbe4fb2b1d587321b5a1028dcf4ff5136
/dev/dm-22     xfs        10G  301M  9.7G   3% /var/lib/docker/devicemapper/mnt/f7b9582ee98627a95023e0ec4e9baa14db337d0ed931b6207fb5d4213daa735c
/dev/dm-7      xfs        10G  338M  9.7G   4% /var/lib/docker/devicemapper/mnt/c5b14705d3747025e7fa8196f1a8332674de1a2aa78575b1f6a752be66355acc
/dev/dm-10     xfs        10G  1.2G  8.9G  12% /var/lib/docker/devicemapper/mnt/deea523b13ca1a199a6534c91731d90f7cc964e12a71513e9972ae004b7c7cbb
/dev/dm-6      xfs        10G  270M  9.8G   3% /var/lib/docker/devicemapper/mnt/ff5727c71dbb8f67bd108a2bce9d84ed305dacb78f6a98e3320951c918021ced
shm            tmpfs      64M     0   64M   0% /var/lib/docker/containers/ee60b8bd6f928a4eddad6d07d90012056c1c11430ce5064a196c9524f933f834/shm
/dev/dm-8      xfs        10G  810M  9.2G   8% /var/lib/docker/devicemapper/mnt/2c086c6877db6f82364ac4a062b8751fcda3e35ab6d40668306b9b9d7f116126
/dev/dm-4      xfs        10G  270M  9.8G   3% /var/lib/docker/devicemapper/mnt/cc379b6bf84bf4eda3d8cbebaee2e81af7b806d8a9f1f1851d12d255f17a4d02
shm            tmpfs      64M     0   64M   0% /var/lib/docker/containers/4d5c736bf0e335011e9ade44703c895e3748dafc8287666c6cffeedf85186d65/shm
/dev/dm-21     xfs        10G  810M  9.2G   8% /var/lib/docker/devicemapper/mnt/c798e912f258e6f116ee155414923b6d887269538224438b91943541106be0aa
tmpfs          tmpfs     3.9G   16K  3.9G   1% /var/lib/origin/openshift.local.volumes/pods/b4d2a639-015b-11e9-9624-fa163e6bb7d1/volumes/kubernetes.io~secret/local-storage-admin-token-jv5fj
/dev/dm-25     xfs        10G  270M  9.8G   3% /var/lib/docker/devicemapper/mnt/2c0c59d1abec9e910b61b5486240c11381a263af597ea530ec6f9545e1a30746
shm            tmpfs      64M     0   64M   0% /var/lib/docker/containers/c34049febf9b1e5ee64fe819cbd75b04813369dcb99abb62aae6e1150ec78005/shm
/dev/dm-26     xfs        10G  281M  9.8G   3% /var/lib/docker/devicemapper/mnt/a2e9320106413b12ee90c8f6246f4ef751509c2a5bbf3930cec5e62034945008
/dev/dm-18     xfs        10G  350M  9.7G   4% /var/lib/docker/devicemapper/mnt/dd3ff4d8827dbe8155fa8f7693d9797fd8138eb651c28a6afb1fb34c4cab47d2
/dev/dm-3      xfs        10G  338M  9.7G   4% /var/lib/docker/devicemapper/mnt/b23eca0d17b1d1bfbc31c1ef70bb05af048f2f85cff66802ec7cf1434d4cbe2c
tmpfs          tmpfs     783M     0  783M   0% /run/user/1000

node-1.rajranjalb.lab.pnq2.cee.redhat.com | SUCCESS | rc=0 >>
Filesystem     Type      Size  Used Avail Use% Mounted on
/dev/vda1      xfs        20G  2.1G   18G  11% /
devtmpfs       devtmpfs  897M     0  897M   0% /dev
tmpfs          tmpfs     920M     0  920M   0% /dev/shm
tmpfs          tmpfs     920M  8.5M  911M   1% /run
tmpfs          tmpfs     920M     0  920M   0% /sys/fs/cgroup
tmpfs          tmpfs     184M     0  184M   0% /run/user/1000

node-0.rajranjaapps.lab.pnq2.cee.redhat.com | SUCCESS | rc=0 >>
Filesystem     Type      Size  Used Avail Use% Mounted on
/dev/vda1      xfs        80G  8.9G   72G  12% /
devtmpfs       devtmpfs  3.8G     0  3.8G   0% /dev
tmpfs          tmpfs     3.9G     0  3.9G   0% /dev/shm
tmpfs          tmpfs     3.9G  2.2M  3.9G   1% /run
tmpfs          tmpfs     3.9G     0  3.9G   0% /sys/fs/cgroup
tmpfs          tmpfs     3.9G   16K  3.9G   1% /var/lib/origin/openshift.local.volumes/pods/881c8dd3-fc88-11e8-b3ee-fa163e6bb7d1/volumes/kubernetes.io~secret/sdn-token-mfqjf
tmpfs          tmpfs     3.9G   16K  3.9G   1% /var/lib/origin/openshift.local.volumes/pods/881c7a4f-fc88-11e8-b3ee-fa163e6bb7d1/volumes/kubernetes.io~secret/sync-token-974k4
tmpfs          tmpfs     3.9G   16K  3.9G   1% /var/lib/origin/openshift.local.volumes/pods/8837a3af-fc88-11e8-b3ee-fa163e6bb7d1/volumes/kubernetes.io~secret/sdn-token-mfqjf
/dev/dm-3      xfs        10G  270M  9.8G   3% /var/lib/docker/devicemapper/mnt/172b775f796374c60913953844ab2d653dead8de9c3765f5acd1622fdbf53b08
shm            tmpfs      64M     0   64M   0% /var/lib/docker/containers/8f4d85c02d21b36fd52e0a2335f438557c4f5bcc90d12156cf5c2fafa541c87e/shm
/dev/dm-4      xfs        10G  270M  9.8G   3% /var/lib/docker/devicemapper/mnt/6175b1490261e33d313e7cf6330d34a0155fed5383b12baa0daae0ad50f08a9d
/dev/dm-5      xfs        10G  270M  9.8G   3% /var/lib/docker/devicemapper/mnt/a76fa17e4a1356c4b982c154a899428e7e82af9955dddaba8046952ca4ba4c64
shm            tmpfs      64M     0   64M   0% /var/lib/docker/containers/7da1f501fd00194a2a47f426434fbe367a71d738494db536b7ccf18be19df632/shm
shm            tmpfs      64M     0   64M   0% /var/lib/docker/containers/9f832b24ca74c40ab2dc6efdb319845720f538d1f35bf63a59331501cc657c64/shm
/dev/dm-8      xfs        10G  1.2G  8.9G  12% /var/lib/docker/devicemapper/mnt/d0e7ae0ba72b1fc0e46db50771d9f6ed7328dafcca62d6d0584459747db273cf
/dev/dm-6      xfs        10G  1.2G  8.9G  12% /var/lib/docker/devicemapper/mnt/6181238ad0cbc05fe638f1f90a4ddab3a375cab75f2c403a8f5ea120128aa299
/dev/dm-7      xfs        10G  1.2G  8.9G  12% /var/lib/docker/devicemapper/mnt/c54a64dcddff9bcbe4ffaad63933a82261334dbe417a425d3a8f67a6898ccef1
tmpfs          tmpfs     3.9G   16K  3.9G   1% /var/lib/origin/openshift.local.volumes/pods/b4ac658e-015b-11e9-9624-fa163e6bb7d1/volumes/kubernetes.io~secret/local-storage-admin-token-jv5fj
/dev/dm-9      xfs        10G  270M  9.8G   3% /var/lib/docker/devicemapper/mnt/b8020e4cec64d204ac9507d090a875deb37dd2f72bcda84750976532f44ced3a
shm            tmpfs      64M     0   64M   0% /var/lib/docker/containers/8846b91b7fe36704ea23e47edda6ba6186fceedb05fd20270d8d24a3094b0c31/shm
/dev/dm-10     xfs        10G  281M  9.8G   3% /var/lib/docker/devicemapper/mnt/8dd3d4cbf26c71cd014b1b0af1349d1d089f679dffa83c477970bcdb04b75b33
tmpfs          tmpfs     3.9G   16K  3.9G   1% /var/lib/origin/openshift.local.volumes/pods/a92a9647-02d2-11e9-9624-fa163e6bb7d1/volumes/kubernetes.io~secret/hawkular-token-4chxp
tmpfs          tmpfs     3.9G   16K  3.9G   1% /var/lib/origin/openshift.local.volumes/pods/a92a9647-02d2-11e9-9624-fa163e6bb7d1/volumes/kubernetes.io~secret/hawkular-metrics-certs
tmpfs          tmpfs     3.9G   12K  3.9G   1% /var/lib/origin/openshift.local.volumes/pods/a92a9647-02d2-11e9-9624-fa163e6bb7d1/volumes/kubernetes.io~secret/hawkular-metrics-account
/dev/dm-11     xfs        10G  270M  9.8G   3% /var/lib/docker/devicemapper/mnt/513f13a59df376e4885a8fccfbb1b73854f6634c91be35d673d20dc626693b9e
shm            tmpfs      64M     0   64M   0% /var/lib/docker/containers/ef6074ff07e39135d591edf629a0540e55104c5b3748e1477d20133e381e9833/shm
tmpfs          tmpfs     3.9G   16K  3.9G   1% /var/lib/origin/openshift.local.volumes/pods/3d7bd35c-02d5-11e9-9624-fa163e6bb7d1/volumes/kubernetes.io~secret/default-token-xtq9g
/dev/dm-13     xfs        10G  270M  9.8G   3% /var/lib/docker/devicemapper/mnt/a88c679c00d89c306ae0588b8b10316a0eeb5c24c4ce21eb39e890527bc26392
shm            tmpfs      64M     0   64M   0% /var/lib/docker/containers/ad82c9ec3b8cbb5317cac965b70e7038d7f3b54fa9b4db4707082bd2914ac549/shm
/dev/dm-14     xfs        10G  567M  9.5G   6% /var/lib/docker/devicemapper/mnt/7bb8ae189af83443eed19e82029a240ea6eeccc8d569cd5835bb51f062e94b76
/dev/dm-12     xfs        10G  862M  9.2G   9% /var/lib/docker/devicemapper/mnt/16de7573f032088be86ba30e1b82785cad33adf575a57e611bccf06c542e8ec4
tmpfs          tmpfs     783M     0  783M   0% /run/user/1000

node-1.rajranjainfra.lab.pnq2.cee.redhat.com | SUCCESS | rc=0 >>
Filesystem     Type      Size  Used Avail Use% Mounted on
/dev/vda1      xfs        80G  8.8G   72G  11% /
devtmpfs       devtmpfs  3.8G     0  3.8G   0% /dev
tmpfs          tmpfs     3.9G     0  3.9G   0% /dev/shm
tmpfs          tmpfs     3.9G  1.9M  3.9G   1% /run
tmpfs          tmpfs     3.9G     0  3.9G   0% /sys/fs/cgroup
tmpfs          tmpfs     3.9G   16K  3.9G   1% /var/lib/origin/openshift.local.volumes/pods/8889587a-fc88-11e8-b3ee-fa163e6bb7d1/volumes/kubernetes.io~secret/sync-token-974k4
tmpfs          tmpfs     3.9G   16K  3.9G   1% /var/lib/origin/openshift.local.volumes/pods/88cbc33e-fc88-11e8-b3ee-fa163e6bb7d1/volumes/kubernetes.io~secret/sdn-token-mfqjf
tmpfs          tmpfs     3.9G   16K  3.9G   1% /var/lib/origin/openshift.local.volumes/pods/88cdf532-fc88-11e8-b3ee-fa163e6bb7d1/volumes/kubernetes.io~secret/sdn-token-mfqjf
/dev/dm-3      xfs        10G  270M  9.8G   3% /var/lib/docker/devicemapper/mnt/ea48790831b8621547d1862df828654456262ace5715be1277808b0eca17493b
shm            tmpfs      64M     0   64M   0% /var/lib/docker/containers/6b406bac9af22a06a1adcf1cd19836532609a31565f82373bbe542b48b943a77/shm
/dev/dm-4      xfs        10G  270M  9.8G   3% /var/lib/docker/devicemapper/mnt/68cf728db8406adc74efcb7f241a3c4c3766bcdc03f2ab702a18dd43c89b057d
shm            tmpfs      64M     0   64M   0% /var/lib/docker/containers/f7a843f4edb75e7c3209e0476e1f67381cb5be88fa313f52be220faff8b05e43/shm
/dev/dm-5      xfs        10G  270M  9.8G   3% /var/lib/docker/devicemapper/mnt/96153f58dd316c337db9f8d0760771a7a516234b4f5a4130ad0b6d3b061f2e5c
shm            tmpfs      64M     0   64M   0% /var/lib/docker/containers/e8b00c44d8bfc50d09e25fdcff199f45964f102e0cbef22adc3c1187fd093f79/shm
/dev/dm-6      xfs        10G  1.2G  8.9G  12% /var/lib/docker/devicemapper/mnt/3783f4c63b1d20aaa57979ca5e8f26fa65c9f1b20ea95971732d2a68723a8b92
/dev/dm-7      xfs        10G  1.2G  8.9G  12% /var/lib/docker/devicemapper/mnt/1115e40e519bff415b0f9ba057de3caba23e9a47ea9832d8eb5b72ab6e655837
/dev/dm-8      xfs        10G  1.2G  8.9G  12% /var/lib/docker/devicemapper/mnt/711d126ae3fe75863699787a9f4a529912ac63d41acbc5b838f686166bb21bb0
tmpfs          tmpfs     3.9G   16K  3.9G   1% /var/lib/origin/openshift.local.volumes/pods/c47d4e5f-fc88-11e8-b3ee-fa163e6bb7d1/volumes/kubernetes.io~secret/router-token-s2g8v
tmpfs          tmpfs     3.9G   12K  3.9G   1% /var/lib/origin/openshift.local.volumes/pods/c47d4e5f-fc88-11e8-b3ee-fa163e6bb7d1/volumes/kubernetes.io~secret/server-certificate
tmpfs          tmpfs     3.9G  8.0K  3.9G   1% /var/lib/origin/openshift.local.volumes/pods/c47d4e5f-fc88-11e8-b3ee-fa163e6bb7d1/volumes/kubernetes.io~secret/metrics-server-certificate
/dev/dm-10     xfs        10G  270M  9.8G   3% /var/lib/docker/devicemapper/mnt/ba77f7048f930f65dcfc696ec2f9421ff9077a7bed126329b5d4ad7a770f1632
shm            tmpfs      64M     0   64M   0% /var/lib/docker/containers/c42dea6d2010a215b802f1805e45713d576a9270cf0e5e68ee0700971496a230/shm
/dev/dm-12     xfs        10G  393M  9.7G   4% /var/lib/docker/devicemapper/mnt/c15c0f2735b5e421d4a1b67bbf78d0b6ac684d45034fa82458274a3c46ac17ac
/dev/vdc1      xfs        10G   33M   10G   1% /mnt/local-storage/virtual/metric/disk1
tmpfs          tmpfs     3.9G   16K  3.9G   1% /var/lib/origin/openshift.local.volumes/pods/b4d3f8b5-015b-11e9-9624-fa163e6bb7d1/volumes/kubernetes.io~secret/local-storage-admin-token-jv5fj
/dev/dm-9      xfs        10G  270M  9.8G   3% /var/lib/docker/devicemapper/mnt/c1d7643657f4089f17a74529634b9922d765f77f6de4b9b515d5f1348badce1e
shm            tmpfs      64M     0   64M   0% /var/lib/docker/containers/362e674a9e52374b3cc65442ba4b9469d4e74008e1df504a8ed9462829879612/shm
/dev/dm-11     xfs        10G  281M  9.8G   3% /var/lib/docker/devicemapper/mnt/07da58bbd2de558e191c87a346db062363e7f54210bcaea873621e60de4a3256
tmpfs          tmpfs     783M     0  783M   0% /run/user/1000

node-0.rajranjainfra.lab.pnq2.cee.redhat.com | SUCCESS | rc=0 >>
Filesystem                                                   Type      Size  Used Avail Use% Mounted on
/dev/vda1                                                    xfs        80G   13G   68G  16% /
devtmpfs                                                     devtmpfs  3.8G     0  3.8G   0% /dev
tmpfs                                                        tmpfs     3.9G     0  3.9G   0% /dev/shm
tmpfs                                                        tmpfs     3.9G  2.2M  3.9G   1% /run
tmpfs                                                        tmpfs     3.9G     0  3.9G   0% /sys/fs/cgroup
tmpfs                                                        tmpfs     3.9G   16K  3.9G   1% /var/lib/origin/openshift.local.volumes/pods/88d98c1c-fc88-11e8-b3ee-fa163e6bb7d1/volumes/kubernetes.io~secret/sync-token-974k4
tmpfs                                                        tmpfs     3.9G   16K  3.9G   1% /var/lib/origin/openshift.local.volumes/pods/88d543bd-fc88-11e8-b3ee-fa163e6bb7d1/volumes/kubernetes.io~secret/sdn-token-mfqjf
tmpfs                                                        tmpfs     3.9G   16K  3.9G   1% /var/lib/origin/openshift.local.volumes/pods/88ec6ed1-fc88-11e8-b3ee-fa163e6bb7d1/volumes/kubernetes.io~secret/sdn-token-mfqjf
/dev/dm-3                                                    xfs        10G  270M  9.8G   3% /var/lib/docker/devicemapper/mnt/5a518fff52da7e190e00257d80c045f25f045c735d46efa1d186fd8e13e341e6
shm                                                          tmpfs      64M     0   64M   0% /var/lib/docker/containers/1de6819ef5b2614626d26db60f0e52382304ecf8182e8a5da13f6bf034498c5d/shm
/dev/dm-4                                                    xfs        10G  270M  9.8G   3% /var/lib/docker/devicemapper/mnt/e0a2cb76493dc2388d274c4c01b563937a1022d2de5470dad1337002ccdeeffa
/dev/dm-5                                                    xfs        10G  270M  9.8G   3% /var/lib/docker/devicemapper/mnt/f71a9cf149c87c0ab0b646485a2154294872acb519344a5a39a34cca3d525ac1
shm                                                          tmpfs      64M     0   64M   0% /var/lib/docker/containers/0b9a5e046da44121869bf7298f274728dc3a044c40f23d41c71f70db4329e175/shm
shm                                                          tmpfs      64M     0   64M   0% /var/lib/docker/containers/0a3f1fd8601756173d8feed9af43ff0f749ba659987f254af9f152d92fcb495e/shm
/dev/dm-6                                                    xfs        10G  1.2G  8.9G  12% /var/lib/docker/devicemapper/mnt/a974835ec7d13ed969b1b98b59c236d6e709d2fc7673b411ad39cc1ec760ed79
/dev/dm-8                                                    xfs        10G  1.2G  8.9G  12% /var/lib/docker/devicemapper/mnt/730745d8f88fabd27132a80a5faa327dd4da8c7d61ed77532375bd4bc5339a7c
/dev/dm-7                                                    xfs        10G  1.2G  8.9G  12% /var/lib/docker/devicemapper/mnt/e7f0d31d10933fa1582a97fb2c702b0a621a21b68cd43b3495849cdfdcc8dcbc
tmpfs                                                        tmpfs     3.9G  8.0K  3.9G   1% /var/lib/origin/openshift.local.volumes/pods/c47059ad-fc88-11e8-b3ee-fa163e6bb7d1/volumes/kubernetes.io~secret/metrics-server-certificate
tmpfs                                                        tmpfs     3.9G   16K  3.9G   1% /var/lib/origin/openshift.local.volumes/pods/c47059ad-fc88-11e8-b3ee-fa163e6bb7d1/volumes/kubernetes.io~secret/router-token-s2g8v
tmpfs                                                        tmpfs     3.9G   12K  3.9G   1% /var/lib/origin/openshift.local.volumes/pods/c47059ad-fc88-11e8-b3ee-fa163e6bb7d1/volumes/kubernetes.io~secret/server-certificate
/dev/dm-9                                                    xfs        10G  270M  9.8G   3% /var/lib/docker/devicemapper/mnt/f13cda7a4c6e4281860de65fc02d335f8bddf6f31b9f5e56d8d741f73fc9fdac
shm                                                          tmpfs      64M     0   64M   0% /var/lib/docker/containers/dfe8398ac8219962ee8808743b8d4c1964134ca62660da06125bae931e49892c/shm
tmpfs                                                        tmpfs     3.9G   16K  3.9G   1% /var/lib/origin/openshift.local.volumes/pods/cd95b92d-fc88-11e8-b3ee-fa163e6bb7d1/volumes/kubernetes.io~secret/registry-token-lspc7
tmpfs                                                        tmpfs     3.9G  8.0K  3.9G   1% /var/lib/origin/openshift.local.volumes/pods/cd95b92d-fc88-11e8-b3ee-fa163e6bb7d1/volumes/kubernetes.io~secret/registry-certificates
node-0.rajranjanfs.lab.pnq2.cee.redhat.com:/exports/registry nfs4       10G  261M  9.8G   3% /var/lib/origin/openshift.local.volumes/pods/cd95b92d-fc88-11e8-b3ee-fa163e6bb7d1/volumes/kubernetes.io~nfs/registry-volume
/dev/dm-10                                                   xfs        10G  270M  9.8G   3% /var/lib/docker/devicemapper/mnt/7f910183fcd2dc9d5358c784c157a5fa9dd813f7507006978bfd238250224899
shm                                                          tmpfs      64M     0   64M   0% /var/lib/docker/containers/ec19d2686de20b642fb8afefe8a9774d4b39876beb2b2e100226b48cb530ec1c/shm
/dev/dm-11                                                   xfs        10G  393M  9.7G   4% /var/lib/docker/devicemapper/mnt/6e0de4561e2aeee33a9770511fd370f9c7708a6d962cb9aef8e7509d1759be1a
/dev/dm-12                                                   xfs        10G  318M  9.7G   4% /var/lib/docker/devicemapper/mnt/e44535c9d9d1b1425bc61a01bfd056f952e1d0f1918268fd4b2924304447dc1e
tmpfs                                                        tmpfs     3.9G   16K  3.9G   1% /var/lib/origin/openshift.local.volumes/pods/994abdf6-fc89-11e8-b3ee-fa163e6bb7d1/volumes/kubernetes.io~secret/olm-operator-serviceaccount-token-d8cng
/dev/dm-13                                                   xfs        10G  270M  9.8G   3% /var/lib/docker/devicemapper/mnt/1f666de3bf917a8d146075293658e1c33a734f6c3641f483246a1f7e9b6f131f
shm                                                          tmpfs      64M     0   64M   0% /var/lib/docker/containers/fd3e634290bd086ae4bd6cb09ff805355daf4995edf6631349aa542965b49134/shm
/dev/dm-14                                                   xfs        10G  327M  9.7G   4% /var/lib/docker/devicemapper/mnt/b4b436b0aa84bdc1f3e1ad800e2ebb4cee31afb573435ebb3d8b30c6c3faa91b
/dev/vdc1                                                    xfs        10G   33M   10G   1% /mnt/local-storage/virtual/metric/disk1
tmpfs                                                        tmpfs     3.9G   16K  3.9G   1% /var/lib/origin/openshift.local.volumes/pods/b4b3953f-015b-11e9-9624-fa163e6bb7d1/volumes/kubernetes.io~secret/local-storage-admin-token-jv5fj
/dev/dm-15                                                   xfs        10G  270M  9.8G   3% /var/lib/docker/devicemapper/mnt/78e91bb56ab1b2a25e9fa167e195b9dcfd5c44153b85fd70414105e5f77eef3c
shm                                                          tmpfs      64M     0   64M   0% /var/lib/docker/containers/6bf757cbd0505f7ab5e4f2b09feb0d7ed6b653eae500e52717cc332d2c45b631/shm
/dev/dm-16                                                   xfs        10G  281M  9.8G   3% /var/lib/docker/devicemapper/mnt/558056628c4369f54b9ce0e1cddfeb484e5615c97a07d3d18112dc7e9d8ddd90
tmpfs                                                        tmpfs     783M     0  783M   0% /run/user/1000

node-1.rajranjaapps.lab.pnq2.cee.redhat.com | SUCCESS | rc=0 >>
Filesystem     Type      Size  Used Avail Use% Mounted on
/dev/vda1      xfs        80G   10G   71G  13% /
devtmpfs       devtmpfs  3.8G     0  3.8G   0% /dev
tmpfs          tmpfs     3.9G     0  3.9G   0% /dev/shm
tmpfs          tmpfs     3.9G  2.4M  3.9G   1% /run
tmpfs          tmpfs     3.9G     0  3.9G   0% /sys/fs/cgroup
tmpfs          tmpfs     3.9G   16K  3.9G   1% /var/lib/origin/openshift.local.volumes/pods/87f1bb62-fc88-11e8-b3ee-fa163e6bb7d1/volumes/kubernetes.io~secret/sdn-token-mfqjf
tmpfs          tmpfs     3.9G   16K  3.9G   1% /var/lib/origin/openshift.local.volumes/pods/87e8d9bf-fc88-11e8-b3ee-fa163e6bb7d1/volumes/kubernetes.io~secret/sync-token-974k4
tmpfs          tmpfs     3.9G   16K  3.9G   1% /var/lib/origin/openshift.local.volumes/pods/87fd6832-fc88-11e8-b3ee-fa163e6bb7d1/volumes/kubernetes.io~secret/sdn-token-mfqjf
/dev/dm-3      xfs        10G  270M  9.8G   3% /var/lib/docker/devicemapper/mnt/64474c8864c22dfb7d429e2c8845170b3e55b1da91f2404e68ca897d075ca815
shm            tmpfs      64M     0   64M   0% /var/lib/docker/containers/df2b3bed5062f545b521ea1e511a523268946d8d8033b236b9e0440f671cdd62/shm
/dev/dm-4      xfs        10G  270M  9.8G   3% /var/lib/docker/devicemapper/mnt/82a8ff75c63dd1bc287fbde5dc64382714a6b7370e8ba5ea62ec29fa228f1c0d
shm            tmpfs      64M     0   64M   0% /var/lib/docker/containers/19c24a31b4eba03c0742b99c60957433b604d6e16e143a5a6cb39ebd7f02c976/shm
/dev/dm-6      xfs        10G  270M  9.8G   3% /var/lib/docker/devicemapper/mnt/a07481628bb880cc190e88585510b17ab69910f539f54d55ff23405e800fc9a2
shm            tmpfs      64M     0   64M   0% /var/lib/docker/containers/1111cf57523bb74e622f5ff2105eb519d588cd47a6238402e74a096711c22b6b/shm
/dev/dm-7      xfs        10G  1.2G  8.9G  12% /var/lib/docker/devicemapper/mnt/35793fa5f8d7d8c23a49e63cccf5649e4bc6bae8321c3d13ab048b2cd8179bbc
/dev/dm-8      xfs        10G  1.2G  8.9G  12% /var/lib/docker/devicemapper/mnt/7e26915021b7a5974eaecd573fe17a0c0759069a3423a3b5fa351c277420ef72
/dev/dm-5      xfs        10G  1.2G  8.9G  12% /var/lib/docker/devicemapper/mnt/d3e8fd7494202f361c270bff7ada3f365b4139aaeb231f9fa62fc7443bafe94b
tmpfs          tmpfs     3.9G   16K  3.9G   1% /var/lib/origin/openshift.local.volumes/pods/9a3d3d24-fc89-11e8-b3ee-fa163e6bb7d1/volumes/kubernetes.io~secret/olm-operator-serviceaccount-token-d8cng
/dev/dm-9      xfs        10G  270M  9.8G   3% /var/lib/docker/devicemapper/mnt/ff395df80a4c04a7def69564bce6a088c2ddcb2a500a778a0c339a6a54685ab8
shm            tmpfs      64M     0   64M   0% /var/lib/docker/containers/84c3f9a887908163b9e7b91eb9d33d50f089e6e2267a8c68b4fb0204a6e3f864/shm
/dev/dm-10     xfs        10G  327M  9.7G   4% /var/lib/docker/devicemapper/mnt/140d91e2671a1956848f49540766468f71fa4fc969825509fa8ed26c86835cb0
tmpfs          tmpfs     3.9G   16K  3.9G   1% /var/lib/origin/openshift.local.volumes/pods/b4d3f0e3-015b-11e9-9624-fa163e6bb7d1/volumes/kubernetes.io~secret/local-storage-admin-token-jv5fj
/dev/dm-11     xfs        10G  270M  9.8G   3% /var/lib/docker/devicemapper/mnt/2b659aef0c52871c6c60534cddf6f83f77534ab58fccc6b67fcf7db1ab577fb0
shm            tmpfs      64M     0   64M   0% /var/lib/docker/containers/83f02c8a38300d7ce2bd364b6f33e101b49449202b4c2c5a9a1b545875e7a96c/shm
/dev/dm-12     xfs        10G  281M  9.8G   3% /var/lib/docker/devicemapper/mnt/39c6a582470d4a1210f053c9be03dd637b01ddc616124e0e69ca6ffbd8f02066
tmpfs          tmpfs     3.9G   12K  3.9G   1% /var/lib/origin/openshift.local.volumes/pods/8d5c474b-02d2-11e9-9624-fa163e6bb7d1/volumes/kubernetes.io~secret/hawkular-metrics-account
tmpfs          tmpfs     3.9G   16K  3.9G   1% /var/lib/origin/openshift.local.volumes/pods/8d5c474b-02d2-11e9-9624-fa163e6bb7d1/volumes/kubernetes.io~secret/hawkular-metrics-certs
tmpfs          tmpfs     3.9G   16K  3.9G   1% /var/lib/origin/openshift.local.volumes/pods/8d5c474b-02d2-11e9-9624-fa163e6bb7d1/volumes/kubernetes.io~secret/default-token-g7jj2
/dev/dm-13     xfs        10G  270M  9.8G   3% /var/lib/docker/devicemapper/mnt/6db08d1d5e5b6255aecb0e0acbacbc462877f96dfc6e11ac6c18c10b14ddabd3
shm            tmpfs      64M     0   64M   0% /var/lib/docker/containers/9d3768375222a3058a2557436159ce7eb1c3468e89b1bf291c51372360eede0b/shm
tmpfs          tmpfs     3.9G   16K  3.9G   1% /var/lib/origin/openshift.local.volumes/pods/aac16316-02d2-11e9-9624-fa163e6bb7d1/volumes/kubernetes.io~secret/heapster-token-hjn59
tmpfs          tmpfs     3.9G   16K  3.9G   1% /var/lib/origin/openshift.local.volumes/pods/aac16316-02d2-11e9-9624-fa163e6bb7d1/volumes/kubernetes.io~secret/hawkular-metrics-certs
tmpfs          tmpfs     3.9G  4.0K  3.9G   1% /var/lib/origin/openshift.local.volumes/pods/aac16316-02d2-11e9-9624-fa163e6bb7d1/volumes/kubernetes.io~secret/heapster-secrets
tmpfs          tmpfs     3.9G  8.0K  3.9G   1% /var/lib/origin/openshift.local.volumes/pods/aac16316-02d2-11e9-9624-fa163e6bb7d1/volumes/kubernetes.io~secret/heapster-certs
tmpfs          tmpfs     3.9G   12K  3.9G   1% /var/lib/origin/openshift.local.volumes/pods/aac16316-02d2-11e9-9624-fa163e6bb7d1/volumes/kubernetes.io~secret/hawkular-metrics-account
/dev/dm-14     xfs        10G  270M  9.8G   3% /var/lib/docker/devicemapper/mnt/b6652b33b807fa5c126f3e3f6c8bd398e230abd9512a8375264b539bf8095a38
shm            tmpfs      64M     0   64M   0% /var/lib/docker/containers/d89a06e7143e9c3ce03392780cad8e2f6a973426fc787d565fa4cb4b3bf7c162/shm
/dev/dm-15     xfs        10G  463M  9.6G   5% /var/lib/docker/devicemapper/mnt/a44c88c08721379b050a98343a5db07731d756bdb95fb301924ba4803877b168
/dev/dm-16     xfs        10G  325M  9.7G   4% /var/lib/docker/devicemapper/mnt/2c801bc49226d8a568c3a31b79d01488776c497c64a53ed11ea7a47841a34a5b
tmpfs          tmpfs     783M     0  783M   0% /run/user/1000

node-2.rajranjainfra.lab.pnq2.cee.redhat.com | SUCCESS | rc=0 >>
Filesystem     Type      Size  Used Avail Use% Mounted on
/dev/vda1      xfs        80G  8.8G   72G  11% /
devtmpfs       devtmpfs  3.8G     0  3.8G   0% /dev
tmpfs          tmpfs     3.9G     0  3.9G   0% /dev/shm
tmpfs          tmpfs     3.9G  1.9M  3.9G   1% /run
tmpfs          tmpfs     3.9G     0  3.9G   0% /sys/fs/cgroup
tmpfs          tmpfs     3.9G   16K  3.9G   1% /var/lib/origin/openshift.local.volumes/pods/884402e7-fc88-11e8-b3ee-fa163e6bb7d1/volumes/kubernetes.io~secret/sdn-token-mfqjf
tmpfs          tmpfs     3.9G   16K  3.9G   1% /var/lib/origin/openshift.local.volumes/pods/884b8965-fc88-11e8-b3ee-fa163e6bb7d1/volumes/kubernetes.io~secret/sync-token-974k4
tmpfs          tmpfs     3.9G   16K  3.9G   1% /var/lib/origin/openshift.local.volumes/pods/8858c8c6-fc88-11e8-b3ee-fa163e6bb7d1/volumes/kubernetes.io~secret/sdn-token-mfqjf
/dev/dm-3      xfs        10G  270M  9.8G   3% /var/lib/docker/devicemapper/mnt/b42cdc9df71699506f8264f16496c53c978dd96804539568170a2311e80025dd
shm            tmpfs      64M     0   64M   0% /var/lib/docker/containers/be9a9b992e196f41d8ddf9b2dcd9c81c1d9a81162d50b930e00e1e3fb5435653/shm
/dev/dm-4      xfs        10G  270M  9.8G   3% /var/lib/docker/devicemapper/mnt/47a1e5afe7fe0e127c3c8b9766e1a5aa2d7ae6907fdb73d0a9f1034d99d540e2
shm            tmpfs      64M     0   64M   0% /var/lib/docker/containers/08a65f026f89e93cb00ffdb96df48129f133ff1ef078d159d1ba5f6fe2bbf337/shm
/dev/dm-6      xfs        10G  270M  9.8G   3% /var/lib/docker/devicemapper/mnt/458e43508e4b417b7bd33355533400f6b1f432c61cd90558bed897e54a5b5352
shm            tmpfs      64M     0   64M   0% /var/lib/docker/containers/d8417ad121db052d1fcd1dcf4bfcd17ccae511a4038cb541083e42726aa3a56f/shm
/dev/dm-5      xfs        10G  1.2G  8.9G  12% /var/lib/docker/devicemapper/mnt/eaf6ed7e20062b77815b5ad18ffe01c2dce5f7a2b7015b2d91df3c7042598d99
/dev/dm-8      xfs        10G  1.2G  8.9G  12% /var/lib/docker/devicemapper/mnt/533820f9252028c3223b15b5934fff04ad292c3da31fb98568ede28b8ee2e99b
/dev/dm-7      xfs        10G  1.2G  8.9G  12% /var/lib/docker/devicemapper/mnt/fdbf441f2f820cd6041a35e0da84d37d33799695821744b8260b9f264fe512bb
tmpfs          tmpfs     3.9G   16K  3.9G   1% /var/lib/origin/openshift.local.volumes/pods/c47f2012-fc88-11e8-b3ee-fa163e6bb7d1/volumes/kubernetes.io~secret/router-token-s2g8v
tmpfs          tmpfs     3.9G  8.0K  3.9G   1% /var/lib/origin/openshift.local.volumes/pods/c47f2012-fc88-11e8-b3ee-fa163e6bb7d1/volumes/kubernetes.io~secret/metrics-server-certificate
tmpfs          tmpfs     3.9G   12K  3.9G   1% /var/lib/origin/openshift.local.volumes/pods/c47f2012-fc88-11e8-b3ee-fa163e6bb7d1/volumes/kubernetes.io~secret/server-certificate
/dev/dm-11     xfs        10G  270M  9.8G   3% /var/lib/docker/devicemapper/mnt/d7aed78c08d964a177bb7d200aa37a91167fd81157594434c723eb1775438843
shm            tmpfs      64M     0   64M   0% /var/lib/docker/containers/06b5b6168a71364fc4e517e3ba1eb835a85a312aca76d57b47dcdc14701bfa0f/shm
/dev/dm-12     xfs        10G  393M  9.7G   4% /var/lib/docker/devicemapper/mnt/e03a0b4a804b7dc697a37d64eec9c8ac32eb496bb596425e6dd28d340cc4a66a
/dev/vdc1      xfs        10G   33M   10G   1% /mnt/local-storage/virtual/metric/disk1
tmpfs          tmpfs     3.9G   16K  3.9G   1% /var/lib/origin/openshift.local.volumes/pods/b5505c74-015b-11e9-9624-fa163e6bb7d1/volumes/kubernetes.io~secret/local-storage-admin-token-jv5fj
/dev/dm-9      xfs        10G  270M  9.8G   3% /var/lib/docker/devicemapper/mnt/33fad3b195731026a89b88cede4062c1c556ec800a4a2838c00f8a316dbcf007
shm            tmpfs      64M     0   64M   0% /var/lib/docker/containers/4fcf9a61fa08cf4ab1136e3d51fc872b17917add27af8e723a673802467d6777/shm
/dev/dm-10     xfs        10G  281M  9.8G   3% /var/lib/docker/devicemapper/mnt/1ff1b49c769f6d35fccd5bc355b086fddfd251e3b604d292ae725cf71331140b
tmpfs          tmpfs     783M     0  783M   0% /run/user/1000
