[2019-01-09 09:35:10,878][INFO ][container.run            ] Begin Elasticsearch startup script
[2019-01-09 09:35:10,918][INFO ][container.run            ] Comparing the specified RAM to the maximum recommended for Elasticsearch...
[2019-01-09 09:35:10,920][INFO ][container.run            ] Inspecting the maximum RAM available...
[2019-01-09 09:35:10,925][INFO ][container.run            ] ES_JAVA_OPTS: '-Dmapper.allow_dots_in_name=true -Xms3860m -Xmx3860m'
[2019-01-09 09:35:10,927][INFO ][container.run            ] Building required jks files and truststore
[2019-01-09 09:35:10,942][INFO ][container.run            ] Checking if Elasticsearch is ready
[2019-01-09 09:35:10,950][INFO ][container.run            ] Setting heap dump location /elasticsearch/persistent/heapdump.hprof
[2019-01-09 09:35:10,953][INFO ][container.run            ] ES_JAVA_OPTS: '-Dmapper.allow_dots_in_name=true -Xms3860m -Xmx3860m -XX:HeapDumpPath=/elasticsearch/persistent/heapdump.hprof -Dsg.display_lic_none=false -Dio.netty.recycler.maxCapacityPerThread=0 -Dio.netty.allocator.type=unpooled'
OpenJDK 64-Bit Server VM warning: If the number of processors is expected to increase from one, then you should configure the number of parallel GC threads appropriately using -XX:ParallelGCThreads=N
2019-01-09 09:35:18,112 main ERROR Unable to create file /elasticsearch/persistent/logging-es/logs/logging-es.log java.io.IOException: Could not create directory /elasticsearch/persistent/logging-es/logs
	at org.apache.logging.log4j.core.util.FileUtils.mkdir(FileUtils.java:127)
	at org.apache.logging.log4j.core.util.FileUtils.makeParentDirs(FileUtils.java:144)
	at org.apache.logging.log4j.core.appender.rolling.RollingFileManager$RollingFileManagerFactory.createManager(RollingFileManager.java:627)
	at org.apache.logging.log4j.core.appender.rolling.RollingFileManager$RollingFileManagerFactory.createManager(RollingFileManager.java:608)
	at org.apache.logging.log4j.core.appender.AbstractManager.getManager(AbstractManager.java:113)
	at org.apache.logging.log4j.core.appender.OutputStreamManager.getManager(OutputStreamManager.java:114)
	at org.apache.logging.log4j.core.appender.rolling.RollingFileManager.getFileManager(RollingFileManager.java:188)
	at org.apache.logging.log4j.core.appender.RollingFileAppender$Builder.build(RollingFileAppender.java:145)
	at org.apache.logging.log4j.core.appender.RollingFileAppender$Builder.build(RollingFileAppender.java:61)
	at org.apache.logging.log4j.core.config.plugins.util.PluginBuilder.build(PluginBuilder.java:123)
	at org.apache.logging.log4j.core.config.AbstractConfiguration.createPluginObject(AbstractConfiguration.java:959)
	at org.apache.logging.log4j.core.config.AbstractConfiguration.createConfiguration(AbstractConfiguration.java:899)
	at org.apache.logging.log4j.core.config.AbstractConfiguration.createConfiguration(AbstractConfiguration.java:891)
	at org.apache.logging.log4j.core.config.AbstractConfiguration.doConfigure(AbstractConfiguration.java:514)
	at org.apache.logging.log4j.core.config.AbstractConfiguration.initialize(AbstractConfiguration.java:238)
	at org.apache.logging.log4j.core.config.AbstractConfiguration.start(AbstractConfiguration.java:250)
	at org.apache.logging.log4j.core.LoggerContext.setConfiguration(LoggerContext.java:547)
	at org.apache.logging.log4j.core.LoggerContext.start(LoggerContext.java:263)
	at org.elasticsearch.common.logging.LogConfigurator.configure(LogConfigurator.java:166)
	at org.elasticsearch.common.logging.LogConfigurator.configure(LogConfigurator.java:122)
	at org.elasticsearch.bootstrap.Bootstrap.init(Bootstrap.java:307)
	at org.elasticsearch.bootstrap.Elasticsearch.init(Elasticsearch.java:132)
	at org.elasticsearch.bootstrap.Elasticsearch.execute(Elasticsearch.java:123)
	at org.elasticsearch.cli.EnvironmentAwareCommand.execute(EnvironmentAwareCommand.java:70)
	at org.elasticsearch.cli.Command.mainWithoutErrorHandling(Command.java:134)
	at org.elasticsearch.cli.Command.main(Command.java:90)
	at org.elasticsearch.bootstrap.Elasticsearch.main(Elasticsearch.java:91)
	at org.elasticsearch.bootstrap.Elasticsearch.main(Elasticsearch.java:84)

2019-01-09 09:35:18,122 main ERROR Could not create plugin of type class org.apache.logging.log4j.core.appender.RollingFileAppender for element RollingFile: java.lang.IllegalStateException: ManagerFactory [org.apache.logging.log4j.core.appender.rolling.RollingFileManager$RollingFileManagerFactory@4ec4f3a0] unable to create manager for [/elasticsearch/persistent/logging-es/logs/logging-es.log] with data [org.apache.logging.log4j.core.appender.rolling.RollingFileManager$FactoryData@223191a6[pattern=/elasticsearch/persistent/logging-es/logs/logging-es-%d{yyyy-MM-dd}.log, append=true, bufferedIO=true, bufferSize=8192, policy=CompositeTriggeringPolicy(policies=[TimeBasedTriggeringPolicy(nextRolloverMillis=0, interval=1, modulate=true), SizeBasedTriggeringPolicy(size=104857600)]), strategy=DefaultRolloverStrategy(min=1, max=5, useMax=true), advertiseURI=null, layout=[%d{ISO8601}][%-5p][%-25c{1.}] %marker%.-10000m%n, filePermissions=null, fileOwner=null]] java.lang.IllegalStateException: ManagerFactory [org.apache.logging.log4j.core.appender.rolling.RollingFileManager$RollingFileManagerFactory@4ec4f3a0] unable to create manager for [/elasticsearch/persistent/logging-es/logs/logging-es.log] with data [org.apache.logging.log4j.core.appender.rolling.RollingFileManager$FactoryData@223191a6[pattern=/elasticsearch/persistent/logging-es/logs/logging-es-%d{yyyy-MM-dd}.log, append=true, bufferedIO=true, bufferSize=8192, policy=CompositeTriggeringPolicy(policies=[TimeBasedTriggeringPolicy(nextRolloverMillis=0, interval=1, modulate=true), SizeBasedTriggeringPolicy(size=104857600)]), strategy=DefaultRolloverStrategy(min=1, max=5, useMax=true), advertiseURI=null, layout=[%d{ISO8601}][%-5p][%-25c{1.}] %marker%.-10000m%n, filePermissions=null, fileOwner=null]]
	at org.apache.logging.log4j.core.appender.AbstractManager.getManager(AbstractManager.java:115)
	at org.apache.logging.log4j.core.appender.OutputStreamManager.getManager(OutputStreamManager.java:114)
	at org.apache.logging.log4j.core.appender.rolling.RollingFileManager.getFileManager(RollingFileManager.java:188)
	at org.apache.logging.log4j.core.appender.RollingFileAppender$Builder.build(RollingFileAppender.java:145)
	at org.apache.logging.log4j.core.appender.RollingFileAppender$Builder.build(RollingFileAppender.java:61)
	at org.apache.logging.log4j.core.config.plugins.util.PluginBuilder.build(PluginBuilder.java:123)
	at org.apache.logging.log4j.core.config.AbstractConfiguration.createPluginObject(AbstractConfiguration.java:959)
	at org.apache.logging.log4j.core.config.AbstractConfiguration.createConfiguration(AbstractConfiguration.java:899)
	at org.apache.logging.log4j.core.config.AbstractConfiguration.createConfiguration(AbstractConfiguration.java:891)
	at org.apache.logging.log4j.core.config.AbstractConfiguration.doConfigure(AbstractConfiguration.java:514)
	at org.apache.logging.log4j.core.config.AbstractConfiguration.initialize(AbstractConfiguration.java:238)
	at org.apache.logging.log4j.core.config.AbstractConfiguration.start(AbstractConfiguration.java:250)
	at org.apache.logging.log4j.core.LoggerContext.setConfiguration(LoggerContext.java:547)
	at org.apache.logging.log4j.core.LoggerContext.start(LoggerContext.java:263)
	at org.elasticsearch.common.logging.LogConfigurator.configure(LogConfigurator.java:166)
	at org.elasticsearch.common.logging.LogConfigurator.configure(LogConfigurator.java:122)
	at org.elasticsearch.bootstrap.Bootstrap.init(Bootstrap.java:307)
	at org.elasticsearch.bootstrap.Elasticsearch.init(Elasticsearch.java:132)
	at org.elasticsearch.bootstrap.Elasticsearch.execute(Elasticsearch.java:123)
	at org.elasticsearch.cli.EnvironmentAwareCommand.execute(EnvironmentAwareCommand.java:70)
	at org.elasticsearch.cli.Command.mainWithoutErrorHandling(Command.java:134)
	at org.elasticsearch.cli.Command.main(Command.java:90)
	at org.elasticsearch.bootstrap.Elasticsearch.main(Elasticsearch.java:91)
	at org.elasticsearch.bootstrap.Elasticsearch.main(Elasticsearch.java:84)

2019-01-09 09:35:18,124 main ERROR Unable to invoke factory method in class org.apache.logging.log4j.core.appender.RollingFileAppender for element RollingFile: java.lang.IllegalStateException: No factory method found for class org.apache.logging.log4j.core.appender.RollingFileAppender java.lang.IllegalStateException: No factory method found for class org.apache.logging.log4j.core.appender.RollingFileAppender
	at org.apache.logging.log4j.core.config.plugins.util.PluginBuilder.findFactoryMethod(PluginBuilder.java:235)
	at org.apache.logging.log4j.core.config.plugins.util.PluginBuilder.build(PluginBuilder.java:135)
	at org.apache.logging.log4j.core.config.AbstractConfiguration.createPluginObject(AbstractConfiguration.java:959)
	at org.apache.logging.log4j.core.config.AbstractConfiguration.createConfiguration(AbstractConfiguration.java:899)
	at org.apache.logging.log4j.core.config.AbstractConfiguration.createConfiguration(AbstractConfiguration.java:891)
	at org.apache.logging.log4j.core.config.AbstractConfiguration.doConfigure(AbstractConfiguration.java:514)
	at org.apache.logging.log4j.core.config.AbstractConfiguration.initialize(AbstractConfiguration.java:238)
	at org.apache.logging.log4j.core.config.AbstractConfiguration.start(AbstractConfiguration.java:250)
	at org.apache.logging.log4j.core.LoggerContext.setConfiguration(LoggerContext.java:547)
	at org.apache.logging.log4j.core.LoggerContext.start(LoggerContext.java:263)
	at org.elasticsearch.common.logging.LogConfigurator.configure(LogConfigurator.java:166)
	at org.elasticsearch.common.logging.LogConfigurator.configure(LogConfigurator.java:122)
	at org.elasticsearch.bootstrap.Bootstrap.init(Bootstrap.java:307)
	at org.elasticsearch.bootstrap.Elasticsearch.init(Elasticsearch.java:132)
	at org.elasticsearch.bootstrap.Elasticsearch.execute(Elasticsearch.java:123)
	at org.elasticsearch.cli.EnvironmentAwareCommand.execute(EnvironmentAwareCommand.java:70)
	at org.elasticsearch.cli.Command.mainWithoutErrorHandling(Command.java:134)
	at org.elasticsearch.cli.Command.main(Command.java:90)
	at org.elasticsearch.bootstrap.Elasticsearch.main(Elasticsearch.java:91)
	at org.elasticsearch.bootstrap.Elasticsearch.main(Elasticsearch.java:84)

2019-01-09 09:35:18,131 main ERROR Unable to create file /elasticsearch/persistent/logging-es/logs/logging-es_deprecation.log java.io.IOException: Could not create directory /elasticsearch/persistent/logging-es/logs
	at org.apache.logging.log4j.core.util.FileUtils.mkdir(FileUtils.java:127)
	at org.apache.logging.log4j.core.util.FileUtils.makeParentDirs(FileUtils.java:144)
	at org.apache.logging.log4j.core.appender.rolling.RollingFileManager$RollingFileManagerFactory.createManager(RollingFileManager.java:627)
	at org.apache.logging.log4j.core.appender.rolling.RollingFileManager$RollingFileManagerFactory.createManager(RollingFileManager.java:608)
	at org.apache.logging.log4j.core.appender.AbstractManager.getManager(AbstractManager.java:113)
	at org.apache.logging.log4j.core.appender.OutputStreamManager.getManager(OutputStreamManager.java:114)
	at org.apache.logging.log4j.core.appender.rolling.RollingFileManager.getFileManager(RollingFileManager.java:188)
	at org.apache.logging.log4j.core.appender.RollingFileAppender$Builder.build(RollingFileAppender.java:145)
	at org.apache.logging.log4j.core.appender.RollingFileAppender$Builder.build(RollingFileAppender.java:61)
	at org.apache.logging.log4j.core.config.plugins.util.PluginBuilder.build(PluginBuilder.java:123)
	at org.apache.logging.log4j.core.config.AbstractConfiguration.createPluginObject(AbstractConfiguration.java:959)
	at org.apache.logging.log4j.core.config.AbstractConfiguration.createConfiguration(AbstractConfiguration.java:899)
	at org.apache.logging.log4j.core.config.AbstractConfiguration.createConfiguration(AbstractConfiguration.java:891)
	at org.apache.logging.log4j.core.config.AbstractConfiguration.doConfigure(AbstractConfiguration.java:514)
	at org.apache.logging.log4j.core.config.AbstractConfiguration.initialize(AbstractConfiguration.java:238)
	at org.apache.logging.log4j.core.config.AbstractConfiguration.start(AbstractConfiguration.java:250)
	at org.apache.logging.log4j.core.LoggerContext.setConfiguration(LoggerContext.java:547)
	at org.apache.logging.log4j.core.LoggerContext.start(LoggerContext.java:263)
	at org.elasticsearch.common.logging.LogConfigurator.configure(LogConfigurator.java:166)
	at org.elasticsearch.common.logging.LogConfigurator.configure(LogConfigurator.java:122)
	at org.elasticsearch.bootstrap.Bootstrap.init(Bootstrap.java:307)
	at org.elasticsearch.bootstrap.Elasticsearch.init(Elasticsearch.java:132)
	at org.elasticsearch.bootstrap.Elasticsearch.execute(Elasticsearch.java:123)
	at org.elasticsearch.cli.EnvironmentAwareCommand.execute(EnvironmentAwareCommand.java:70)
	at org.elasticsearch.cli.Command.mainWithoutErrorHandling(Command.java:134)
	at org.elasticsearch.cli.Command.main(Command.java:90)
	at org.elasticsearch.bootstrap.Elasticsearch.main(Elasticsearch.java:91)
	at org.elasticsearch.bootstrap.Elasticsearch.main(Elasticsearch.java:84)

2019-01-09 09:35:18,132 main ERROR Could not create plugin of type class org.apache.logging.log4j.core.appender.RollingFileAppender for element RollingFile: java.lang.IllegalStateException: ManagerFactory [org.apache.logging.log4j.core.appender.rolling.RollingFileManager$RollingFileManagerFactory@4ec4f3a0] unable to create manager for [/elasticsearch/persistent/logging-es/logs/logging-es_deprecation.log] with data [org.apache.logging.log4j.core.appender.rolling.RollingFileManager$FactoryData@7d8995e[pattern=/elasticsearch/persistent/logging-es/logs/logging-es_deprecation-%i.log.gz, append=true, bufferedIO=true, bufferSize=8192, policy=CompositeTriggeringPolicy(policies=[SizeBasedTriggeringPolicy(size=1073741824)]), strategy=DefaultRolloverStrategy(min=1, max=4, useMax=true), advertiseURI=null, layout=[%d{ISO8601}][%-5p][%-25c{1.}] %marker%.-10000m%n, filePermissions=null, fileOwner=null]] java.lang.IllegalStateException: ManagerFactory [org.apache.logging.log4j.core.appender.rolling.RollingFileManager$RollingFileManagerFactory@4ec4f3a0] unable to create manager for [/elasticsearch/persistent/logging-es/logs/logging-es_deprecation.log] with data [org.apache.logging.log4j.core.appender.rolling.RollingFileManager$FactoryData@7d8995e[pattern=/elasticsearch/persistent/logging-es/logs/logging-es_deprecation-%i.log.gz, append=true, bufferedIO=true, bufferSize=8192, policy=CompositeTriggeringPolicy(policies=[SizeBasedTriggeringPolicy(size=1073741824)]), strategy=DefaultRolloverStrategy(min=1, max=4, useMax=true), advertiseURI=null, layout=[%d{ISO8601}][%-5p][%-25c{1.}] %marker%.-10000m%n, filePermissions=null, fileOwner=null]]
	at org.apache.logging.log4j.core.appender.AbstractManager.getManager(AbstractManager.java:115)
	at org.apache.logging.log4j.core.appender.OutputStreamManager.getManager(OutputStreamManager.java:114)
	at org.apache.logging.log4j.core.appender.rolling.RollingFileManager.getFileManager(RollingFileManager.java:188)
	at org.apache.logging.log4j.core.appender.RollingFileAppender$Builder.build(RollingFileAppender.java:145)
	at org.apache.logging.log4j.core.appender.RollingFileAppender$Builder.build(RollingFileAppender.java:61)
	at org.apache.logging.log4j.core.config.plugins.util.PluginBuilder.build(PluginBuilder.java:123)
	at org.apache.logging.log4j.core.config.AbstractConfiguration.createPluginObject(AbstractConfiguration.java:959)
	at org.apache.logging.log4j.core.config.AbstractConfiguration.createConfiguration(AbstractConfiguration.java:899)
	at org.apache.logging.log4j.core.config.AbstractConfiguration.createConfiguration(AbstractConfiguration.java:891)
	at org.apache.logging.log4j.core.config.AbstractConfiguration.doConfigure(AbstractConfiguration.java:514)
	at org.apache.logging.log4j.core.config.AbstractConfiguration.initialize(AbstractConfiguration.java:238)
	at org.apache.logging.log4j.core.config.AbstractConfiguration.start(AbstractConfiguration.java:250)
	at org.apache.logging.log4j.core.LoggerContext.setConfiguration(LoggerContext.java:547)
	at org.apache.logging.log4j.core.LoggerContext.start(LoggerContext.java:263)
	at org.elasticsearch.common.logging.LogConfigurator.configure(LogConfigurator.java:166)
	at org.elasticsearch.common.logging.LogConfigurator.configure(LogConfigurator.java:122)
	at org.elasticsearch.bootstrap.Bootstrap.init(Bootstrap.java:307)
	at org.elasticsearch.bootstrap.Elasticsearch.init(Elasticsearch.java:132)
	at org.elasticsearch.bootstrap.Elasticsearch.execute(Elasticsearch.java:123)
	at org.elasticsearch.cli.EnvironmentAwareCommand.execute(EnvironmentAwareCommand.java:70)
	at org.elasticsearch.cli.Command.mainWithoutErrorHandling(Command.java:134)
	at org.elasticsearch.cli.Command.main(Command.java:90)
	at org.elasticsearch.bootstrap.Elasticsearch.main(Elasticsearch.java:91)
	at org.elasticsearch.bootstrap.Elasticsearch.main(Elasticsearch.java:84)

2019-01-09 09:35:18,133 main ERROR Unable to invoke factory method in class org.apache.logging.log4j.core.appender.RollingFileAppender for element RollingFile: java.lang.IllegalStateException: No factory method found for class org.apache.logging.log4j.core.appender.RollingFileAppender java.lang.IllegalStateException: No factory method found for class org.apache.logging.log4j.core.appender.RollingFileAppender
	at org.apache.logging.log4j.core.config.plugins.util.PluginBuilder.findFactoryMethod(PluginBuilder.java:235)
	at org.apache.logging.log4j.core.config.plugins.util.PluginBuilder.build(PluginBuilder.java:135)
	at org.apache.logging.log4j.core.config.AbstractConfiguration.createPluginObject(AbstractConfiguration.java:959)
	at org.apache.logging.log4j.core.config.AbstractConfiguration.createConfiguration(AbstractConfiguration.java:899)
	at org.apache.logging.log4j.core.config.AbstractConfiguration.createConfiguration(AbstractConfiguration.java:891)
	at org.apache.logging.log4j.core.config.AbstractConfiguration.doConfigure(AbstractConfiguration.java:514)
	at org.apache.logging.log4j.core.config.AbstractConfiguration.initialize(AbstractConfiguration.java:238)
	at org.apache.logging.log4j.core.config.AbstractConfiguration.start(AbstractConfiguration.java:250)
	at org.apache.logging.log4j.core.LoggerContext.setConfiguration(LoggerContext.java:547)
	at org.apache.logging.log4j.core.LoggerContext.start(LoggerContext.java:263)
	at org.elasticsearch.common.logging.LogConfigurator.configure(LogConfigurator.java:166)
	at org.elasticsearch.common.logging.LogConfigurator.configure(LogConfigurator.java:122)
	at org.elasticsearch.bootstrap.Bootstrap.init(Bootstrap.java:307)
	at org.elasticsearch.bootstrap.Elasticsearch.init(Elasticsearch.java:132)
	at org.elasticsearch.bootstrap.Elasticsearch.execute(Elasticsearch.java:123)
	at org.elasticsearch.cli.EnvironmentAwareCommand.execute(EnvironmentAwareCommand.java:70)
	at org.elasticsearch.cli.Command.mainWithoutErrorHandling(Command.java:134)
	at org.elasticsearch.cli.Command.main(Command.java:90)
	at org.elasticsearch.bootstrap.Elasticsearch.main(Elasticsearch.java:91)
	at org.elasticsearch.bootstrap.Elasticsearch.main(Elasticsearch.java:84)

2019-01-09 09:35:18,137 main ERROR Unable to create file /elasticsearch/persistent/logging-es/logs/logging-es_index_search_slowlog.log java.io.IOException: Could not create directory /elasticsearch/persistent/logging-es/logs
	at org.apache.logging.log4j.core.util.FileUtils.mkdir(FileUtils.java:127)
	at org.apache.logging.log4j.core.util.FileUtils.makeParentDirs(FileUtils.java:144)
	at org.apache.logging.log4j.core.appender.rolling.RollingFileManager$RollingFileManagerFactory.createManager(RollingFileManager.java:627)
	at org.apache.logging.log4j.core.appender.rolling.RollingFileManager$RollingFileManagerFactory.createManager(RollingFileManager.java:608)
	at org.apache.logging.log4j.core.appender.AbstractManager.getManager(AbstractManager.java:113)
	at org.apache.logging.log4j.core.appender.OutputStreamManager.getManager(OutputStreamManager.java:114)
	at org.apache.logging.log4j.core.appender.rolling.RollingFileManager.getFileManager(RollingFileManager.java:188)
	at org.apache.logging.log4j.core.appender.RollingFileAppender$Builder.build(RollingFileAppender.java:145)
	at org.apache.logging.log4j.core.appender.RollingFileAppender$Builder.build(RollingFileAppender.java:61)
	at org.apache.logging.log4j.core.config.plugins.util.PluginBuilder.build(PluginBuilder.java:123)
	at org.apache.logging.log4j.core.config.AbstractConfiguration.createPluginObject(AbstractConfiguration.java:959)
	at org.apache.logging.log4j.core.config.AbstractConfiguration.createConfiguration(AbstractConfiguration.java:899)
	at org.apache.logging.log4j.core.config.AbstractConfiguration.createConfiguration(AbstractConfiguration.java:891)
	at org.apache.logging.log4j.core.config.AbstractConfiguration.doConfigure(AbstractConfiguration.java:514)
	at org.apache.logging.log4j.core.config.AbstractConfiguration.initialize(AbstractConfiguration.java:238)
	at org.apache.logging.log4j.core.config.AbstractConfiguration.start(AbstractConfiguration.java:250)
	at org.apache.logging.log4j.core.LoggerContext.setConfiguration(LoggerContext.java:547)
	at org.apache.logging.log4j.core.LoggerContext.start(LoggerContext.java:263)
	at org.elasticsearch.common.logging.LogConfigurator.configure(LogConfigurator.java:166)
	at org.elasticsearch.common.logging.LogConfigurator.configure(LogConfigurator.java:122)
	at org.elasticsearch.bootstrap.Bootstrap.init(Bootstrap.java:307)
	at org.elasticsearch.bootstrap.Elasticsearch.init(Elasticsearch.java:132)
	at org.elasticsearch.bootstrap.Elasticsearch.execute(Elasticsearch.java:123)
	at org.elasticsearch.cli.EnvironmentAwareCommand.execute(EnvironmentAwareCommand.java:70)
	at org.elasticsearch.cli.Command.mainWithoutErrorHandling(Command.java:134)
	at org.elasticsearch.cli.Command.main(Command.java:90)
	at org.elasticsearch.bootstrap.Elasticsearch.main(Elasticsearch.java:91)
	at org.elasticsearch.bootstrap.Elasticsearch.main(Elasticsearch.java:84)

2019-01-09 09:35:18,138 main ERROR Could not create plugin of type class org.apache.logging.log4j.core.appender.RollingFileAppender for element RollingFile: java.lang.IllegalStateException: ManagerFactory [org.apache.logging.log4j.core.appender.rolling.RollingFileManager$RollingFileManagerFactory@4ec4f3a0] unable to create manager for [/elasticsearch/persistent/logging-es/logs/logging-es_index_search_slowlog.log] with data [org.apache.logging.log4j.core.appender.rolling.RollingFileManager$FactoryData@6aeb35e6[pattern=/elasticsearch/persistent/logging-es/logs/logging-es_index_search_slowlog-%d{yyyy-MM-dd}.log, append=true, bufferedIO=true, bufferSize=8192, policy=CompositeTriggeringPolicy(policies=[TimeBasedTriggeringPolicy(nextRolloverMillis=0, interval=1, modulate=true)]), strategy=DefaultRolloverStrategy(min=1, max=7, useMax=true), advertiseURI=null, layout=[%d{ISO8601}][%-5p][%-25c] %marker%.-10000m%n, filePermissions=null, fileOwner=null]] java.lang.IllegalStateException: ManagerFactory [org.apache.logging.log4j.core.appender.rolling.RollingFileManager$RollingFileManagerFactory@4ec4f3a0] unable to create manager for [/elasticsearch/persistent/logging-es/logs/logging-es_index_search_slowlog.log] with data [org.apache.logging.log4j.core.appender.rolling.RollingFileManager$FactoryData@6aeb35e6[pattern=/elasticsearch/persistent/logging-es/logs/logging-es_index_search_slowlog-%d{yyyy-MM-dd}.log, append=true, bufferedIO=true, bufferSize=8192, policy=CompositeTriggeringPolicy(policies=[TimeBasedTriggeringPolicy(nextRolloverMillis=0, interval=1, modulate=true)]), strategy=DefaultRolloverStrategy(min=1, max=7, useMax=true), advertiseURI=null, layout=[%d{ISO8601}][%-5p][%-25c] %marker%.-10000m%n, filePermissions=null, fileOwner=null]]
	at org.apache.logging.log4j.core.appender.AbstractManager.getManager(AbstractManager.java:115)
	at org.apache.logging.log4j.core.appender.OutputStreamManager.getManager(OutputStreamManager.java:114)
	at org.apache.logging.log4j.core.appender.rolling.RollingFileManager.getFileManager(RollingFileManager.java:188)
	at org.apache.logging.log4j.core.appender.RollingFileAppender$Builder.build(RollingFileAppender.java:145)
	at org.apache.logging.log4j.core.appender.RollingFileAppender$Builder.build(RollingFileAppender.java:61)
	at org.apache.logging.log4j.core.config.plugins.util.PluginBuilder.build(PluginBuilder.java:123)
	at org.apache.logging.log4j.core.config.AbstractConfiguration.createPluginObject(AbstractConfiguration.java:959)
	at org.apache.logging.log4j.core.config.AbstractConfiguration.createConfiguration(AbstractConfiguration.java:899)
	at org.apache.logging.log4j.core.config.AbstractConfiguration.createConfiguration(AbstractConfiguration.java:891)
	at org.apache.logging.log4j.core.config.AbstractConfiguration.doConfigure(AbstractConfiguration.java:514)
	at org.apache.logging.log4j.core.config.AbstractConfiguration.initialize(AbstractConfiguration.java:238)
	at org.apache.logging.log4j.core.config.AbstractConfiguration.start(AbstractConfiguration.java:250)
	at org.apache.logging.log4j.core.LoggerContext.setConfiguration(LoggerContext.java:547)
	at org.apache.logging.log4j.core.LoggerContext.start(LoggerContext.java:263)
	at org.elasticsearch.common.logging.LogConfigurator.configure(LogConfigurator.java:166)
	at org.elasticsearch.common.logging.LogConfigurator.configure(LogConfigurator.java:122)
	at org.elasticsearch.bootstrap.Bootstrap.init(Bootstrap.java:307)
	at org.elasticsearch.bootstrap.Elasticsearch.init(Elasticsearch.java:132)
	at org.elasticsearch.bootstrap.Elasticsearch.execute(Elasticsearch.java:123)
	at org.elasticsearch.cli.EnvironmentAwareCommand.execute(EnvironmentAwareCommand.java:70)
	at org.elasticsearch.cli.Command.mainWithoutErrorHandling(Command.java:134)
	at org.elasticsearch.cli.Command.main(Command.java:90)
	at org.elasticsearch.bootstrap.Elasticsearch.main(Elasticsearch.java:91)
	at org.elasticsearch.bootstrap.Elasticsearch.main(Elasticsearch.java:84)

2019-01-09 09:35:18,138 main ERROR Unable to invoke factory method in class org.apache.logging.log4j.core.appender.RollingFileAppender for element RollingFile: java.lang.IllegalStateException: No factory method found for class org.apache.logging.log4j.core.appender.RollingFileAppender java.lang.IllegalStateException: No factory method found for class org.apache.logging.log4j.core.appender.RollingFileAppender
	at org.apache.logging.log4j.core.config.plugins.util.PluginBuilder.findFactoryMethod(PluginBuilder.java:235)
	at org.apache.logging.log4j.core.config.plugins.util.PluginBuilder.build(PluginBuilder.java:135)
	at org.apache.logging.log4j.core.config.AbstractConfiguration.createPluginObject(AbstractConfiguration.java:959)
	at org.apache.logging.log4j.core.config.AbstractConfiguration.createConfiguration(AbstractConfiguration.java:899)
	at org.apache.logging.log4j.core.config.AbstractConfiguration.createConfiguration(AbstractConfiguration.java:891)
	at org.apache.logging.log4j.core.config.AbstractConfiguration.doConfigure(AbstractConfiguration.java:514)
	at org.apache.logging.log4j.core.config.AbstractConfiguration.initialize(AbstractConfiguration.java:238)
	at org.apache.logging.log4j.core.config.AbstractConfiguration.start(AbstractConfiguration.java:250)
	at org.apache.logging.log4j.core.LoggerContext.setConfiguration(LoggerContext.java:547)
	at org.apache.logging.log4j.core.LoggerContext.start(LoggerContext.java:263)
	at org.elasticsearch.common.logging.LogConfigurator.configure(LogConfigurator.java:166)
	at org.elasticsearch.common.logging.LogConfigurator.configure(LogConfigurator.java:122)
	at org.elasticsearch.bootstrap.Bootstrap.init(Bootstrap.java:307)
	at org.elasticsearch.bootstrap.Elasticsearch.init(Elasticsearch.java:132)
	at org.elasticsearch.bootstrap.Elasticsearch.execute(Elasticsearch.java:123)
	at org.elasticsearch.cli.EnvironmentAwareCommand.execute(EnvironmentAwareCommand.java:70)
	at org.elasticsearch.cli.Command.mainWithoutErrorHandling(Command.java:134)
	at org.elasticsearch.cli.Command.main(Command.java:90)
	at org.elasticsearch.bootstrap.Elasticsearch.main(Elasticsearch.java:91)
	at org.elasticsearch.bootstrap.Elasticsearch.main(Elasticsearch.java:84)

2019-01-09 09:35:18,143 main ERROR Unable to create file /elasticsearch/persistent/logging-es/logs/logging-es_index_indexing_slowlog.log java.io.IOException: Could not create directory /elasticsearch/persistent/logging-es/logs
	at org.apache.logging.log4j.core.util.FileUtils.mkdir(FileUtils.java:127)
	at org.apache.logging.log4j.core.util.FileUtils.makeParentDirs(FileUtils.java:144)
	at org.apache.logging.log4j.core.appender.rolling.RollingFileManager$RollingFileManagerFactory.createManager(RollingFileManager.java:627)
	at org.apache.logging.log4j.core.appender.rolling.RollingFileManager$RollingFileManagerFactory.createManager(RollingFileManager.java:608)
	at org.apache.logging.log4j.core.appender.AbstractManager.getManager(AbstractManager.java:113)
	at org.apache.logging.log4j.core.appender.OutputStreamManager.getManager(OutputStreamManager.java:114)
	at org.apache.logging.log4j.core.appender.rolling.RollingFileManager.getFileManager(RollingFileManager.java:188)
	at org.apache.logging.log4j.core.appender.RollingFileAppender$Builder.build(RollingFileAppender.java:145)
	at org.apache.logging.log4j.core.appender.RollingFileAppender$Builder.build(RollingFileAppender.java:61)
	at org.apache.logging.log4j.core.config.plugins.util.PluginBuilder.build(PluginBuilder.java:123)
	at org.apache.logging.log4j.core.config.AbstractConfiguration.createPluginObject(AbstractConfiguration.java:959)
	at org.apache.logging.log4j.core.config.AbstractConfiguration.createConfiguration(AbstractConfiguration.java:899)
	at org.apache.logging.log4j.core.config.AbstractConfiguration.createConfiguration(AbstractConfiguration.java:891)
	at org.apache.logging.log4j.core.config.AbstractConfiguration.doConfigure(AbstractConfiguration.java:514)
	at org.apache.logging.log4j.core.config.AbstractConfiguration.initialize(AbstractConfiguration.java:238)
	at org.apache.logging.log4j.core.config.AbstractConfiguration.start(AbstractConfiguration.java:250)
	at org.apache.logging.log4j.core.LoggerContext.setConfiguration(LoggerContext.java:547)
	at org.apache.logging.log4j.core.LoggerContext.start(LoggerContext.java:263)
	at org.elasticsearch.common.logging.LogConfigurator.configure(LogConfigurator.java:166)
	at org.elasticsearch.common.logging.LogConfigurator.configure(LogConfigurator.java:122)
	at org.elasticsearch.bootstrap.Bootstrap.init(Bootstrap.java:307)
	at org.elasticsearch.bootstrap.Elasticsearch.init(Elasticsearch.java:132)
	at org.elasticsearch.bootstrap.Elasticsearch.execute(Elasticsearch.java:123)
	at org.elasticsearch.cli.EnvironmentAwareCommand.execute(EnvironmentAwareCommand.java:70)
	at org.elasticsearch.cli.Command.mainWithoutErrorHandling(Command.java:134)
	at org.elasticsearch.cli.Command.main(Command.java:90)
	at org.elasticsearch.bootstrap.Elasticsearch.main(Elasticsearch.java:91)
	at org.elasticsearch.bootstrap.Elasticsearch.main(Elasticsearch.java:84)

2019-01-09 09:35:18,144 main ERROR Could not create plugin of type class org.apache.logging.log4j.core.appender.RollingFileAppender for element RollingFile: java.lang.IllegalStateException: ManagerFactory [org.apache.logging.log4j.core.appender.rolling.RollingFileManager$RollingFileManagerFactory@4ec4f3a0] unable to create manager for [/elasticsearch/persistent/logging-es/logs/logging-es_index_indexing_slowlog.log] with data [org.apache.logging.log4j.core.appender.rolling.RollingFileManager$FactoryData@409bf450[pattern=/elasticsearch/persistent/logging-es/logs/logging-es_index_indexing_slowlog-%d{yyyy-MM-dd}.log, append=true, bufferedIO=true, bufferSize=8192, policy=CompositeTriggeringPolicy(policies=[TimeBasedTriggeringPolicy(nextRolloverMillis=0, interval=1, modulate=true)]), strategy=DefaultRolloverStrategy(min=1, max=7, useMax=true), advertiseURI=null, layout=[%d{ISO8601}][%-5p][%-25c] %marker%.-10000m%n, filePermissions=null, fileOwner=null]] java.lang.IllegalStateException: ManagerFactory [org.apache.logging.log4j.core.appender.rolling.RollingFileManager$RollingFileManagerFactory@4ec4f3a0] unable to create manager for [/elasticsearch/persistent/logging-es/logs/logging-es_index_indexing_slowlog.log] with data [org.apache.logging.log4j.core.appender.rolling.RollingFileManager$FactoryData@409bf450[pattern=/elasticsearch/persistent/logging-es/logs/logging-es_index_indexing_slowlog-%d{yyyy-MM-dd}.log, append=true, bufferedIO=true, bufferSize=8192, policy=CompositeTriggeringPolicy(policies=[TimeBasedTriggeringPolicy(nextRolloverMillis=0, interval=1, modulate=true)]), strategy=DefaultRolloverStrategy(min=1, max=7, useMax=true), advertiseURI=null, layout=[%d{ISO8601}][%-5p][%-25c] %marker%.-10000m%n, filePermissions=null, fileOwner=null]]
	at org.apache.logging.log4j.core.appender.AbstractManager.getManager(AbstractManager.java:115)
	at org.apache.logging.log4j.core.appender.OutputStreamManager.getManager(OutputStreamManager.java:114)
	at org.apache.logging.log4j.core.appender.rolling.RollingFileManager.getFileManager(RollingFileManager.java:188)
	at org.apache.logging.log4j.core.appender.RollingFileAppender$Builder.build(RollingFileAppender.java:145)
	at org.apache.logging.log4j.core.appender.RollingFileAppender$Builder.build(RollingFileAppender.java:61)
	at org.apache.logging.log4j.core.config.plugins.util.PluginBuilder.build(PluginBuilder.java:123)
	at org.apache.logging.log4j.core.config.AbstractConfiguration.createPluginObject(AbstractConfiguration.java:959)
	at org.apache.logging.log4j.core.config.AbstractConfiguration.createConfiguration(AbstractConfiguration.java:899)
	at org.apache.logging.log4j.core.config.AbstractConfiguration.createConfiguration(AbstractConfiguration.java:891)
	at org.apache.logging.log4j.core.config.AbstractConfiguration.doConfigure(AbstractConfiguration.java:514)
	at org.apache.logging.log4j.core.config.AbstractConfiguration.initialize(AbstractConfiguration.java:238)
	at org.apache.logging.log4j.core.config.AbstractConfiguration.start(AbstractConfiguration.java:250)
	at org.apache.logging.log4j.core.LoggerContext.setConfiguration(LoggerContext.java:547)
	at org.apache.logging.log4j.core.LoggerContext.start(LoggerContext.java:263)
	at org.elasticsearch.common.logging.LogConfigurator.configure(LogConfigurator.java:166)
	at org.elasticsearch.common.logging.LogConfigurator.configure(LogConfigurator.java:122)
	at org.elasticsearch.bootstrap.Bootstrap.init(Bootstrap.java:307)
	at org.elasticsearch.bootstrap.Elasticsearch.init(Elasticsearch.java:132)
	at org.elasticsearch.bootstrap.Elasticsearch.execute(Elasticsearch.java:123)
	at org.elasticsearch.cli.EnvironmentAwareCommand.execute(EnvironmentAwareCommand.java:70)
	at org.elasticsearch.cli.Command.mainWithoutErrorHandling(Command.java:134)
	at org.elasticsearch.cli.Command.main(Command.java:90)
	at org.elasticsearch.bootstrap.Elasticsearch.main(Elasticsearch.java:91)
	at org.elasticsearch.bootstrap.Elasticsearch.main(Elasticsearch.java:84)

2019-01-09 09:35:18,144 main ERROR Unable to invoke factory method in class org.apache.logging.log4j.core.appender.RollingFileAppender for element RollingFile: java.lang.IllegalStateException: No factory method found for class org.apache.logging.log4j.core.appender.RollingFileAppender java.lang.IllegalStateException: No factory method found for class org.apache.logging.log4j.core.appender.RollingFileAppender
	at org.apache.logging.log4j.core.config.plugins.util.PluginBuilder.findFactoryMethod(PluginBuilder.java:235)
	at org.apache.logging.log4j.core.config.plugins.util.PluginBuilder.build(PluginBuilder.java:135)
	at org.apache.logging.log4j.core.config.AbstractConfiguration.createPluginObject(AbstractConfiguration.java:959)
	at org.apache.logging.log4j.core.config.AbstractConfiguration.createConfiguration(AbstractConfiguration.java:899)
	at org.apache.logging.log4j.core.config.AbstractConfiguration.createConfiguration(AbstractConfiguration.java:891)
	at org.apache.logging.log4j.core.config.AbstractConfiguration.doConfigure(AbstractConfiguration.java:514)
	at org.apache.logging.log4j.core.config.AbstractConfiguration.initialize(AbstractConfiguration.java:238)
	at org.apache.logging.log4j.core.config.AbstractConfiguration.start(AbstractConfiguration.java:250)
	at org.apache.logging.log4j.core.LoggerContext.setConfiguration(LoggerContext.java:547)
	at org.apache.logging.log4j.core.LoggerContext.start(LoggerContext.java:263)
	at org.elasticsearch.common.logging.LogConfigurator.configure(LogConfigurator.java:166)
	at org.elasticsearch.common.logging.LogConfigurator.configure(LogConfigurator.java:122)
	at org.elasticsearch.bootstrap.Bootstrap.init(Bootstrap.java:307)
	at org.elasticsearch.bootstrap.Elasticsearch.init(Elasticsearch.java:132)
	at org.elasticsearch.bootstrap.Elasticsearch.execute(Elasticsearch.java:123)
	at org.elasticsearch.cli.EnvironmentAwareCommand.execute(EnvironmentAwareCommand.java:70)
	at org.elasticsearch.cli.Command.mainWithoutErrorHandling(Command.java:134)
	at org.elasticsearch.cli.Command.main(Command.java:90)
	at org.elasticsearch.bootstrap.Elasticsearch.main(Elasticsearch.java:91)
	at org.elasticsearch.bootstrap.Elasticsearch.main(Elasticsearch.java:84)

2019-01-09 09:35:18,145 main ERROR Null object returned for RollingFile in Appenders.
2019-01-09 09:35:18,145 main ERROR Null object returned for RollingFile in Appenders.
2019-01-09 09:35:18,146 main ERROR Null object returned for RollingFile in Appenders.
2019-01-09 09:35:18,146 main ERROR Null object returned for RollingFile in Appenders.
2019-01-09 09:35:18,146 main ERROR Unable to locate appender "rolling" for logger config "root"
2019-01-09 09:35:18,147 main ERROR Unable to locate appender "index_indexing_slowlog_rolling" for logger config "index.indexing.slowlog.index"
2019-01-09 09:35:18,147 main ERROR Unable to locate appender "index_search_slowlog_rolling" for logger config "index.search.slowlog"
2019-01-09 09:35:18,147 main ERROR Unable to locate appender "deprecation_rolling" for logger config "org.elasticsearch.deprecation"